# JRE version: OpenJDK Runtime Environment (11.0.11+9) (build 11.0.11+9-b60-7590822)
# Java VM: OpenJDK 64-Bit Server VM (11.0.11+9-b60-7590822, mixed mode, tiered, compressed oops, g1 gc, windows-amd64)
Heap:
 garbage-first heap   total 244736K, used 156845K [0x0000000080000000, 0x0000000100000000)
  region size 1024K, 2 young (2048K), 2 survivors (2048K)
 Metaspace       used 115120K, capacity 118558K, committed 118784K, reserved 1153024K
  class space    used 14695K, capacity 16078K, committed 16128K, reserved 1048576K
GC Heap History (20 events):
Event: 86.802 GC heap after
{Heap after GC invocations=98 (full 0):
 garbage-first heap   total 199680K, used 117603K [0x0000000080000000, 0x0000000100000000)
  region size 1024K, 7 young (7168K), 7 survivors (7168K)
 Metaspace       used 109643K, capacity 112743K, committed 112896K, reserved 1146880K
  class space    used 14095K, capacity 15304K, committed 15360K, reserved 1048576K
}
Event: 87.916 GC heap before
{Heap before GC invocations=98 (full 0):
 garbage-first heap   total 199680K, used 158563K [0x0000000080000000, 0x0000000100000000)
  region size 1024K, 48 young (49152K), 7 survivors (7168K)
 Metaspace       used 113205K, capacity 116581K, committed 116736K, reserved 1150976K
  class space    used 14553K, capacity 15867K, committed 15872K, reserved 1048576K
}
Event: 87.935 GC heap after
{Heap after GC invocations=99 (full 0):
 garbage-first heap   total 199680K, used 121203K [0x0000000080000000, 0x0000000100000000)
  region size 1024K, 4 young (4096K), 4 survivors (4096K)
 Metaspace       used 113205K, capacity 116581K, committed 116736K, reserved 1150976K
  class space    used 14553K, capacity 15867K, committed 15872K, reserved 1048576K
}
Event: 88.586 GC heap before
{Heap before GC invocations=99 (full 0):
 garbage-first heap   total 199680K, used 162163K [0x0000000080000000, 0x0000000100000000)
  region size 1024K, 45 young (46080K), 4 survivors (4096K)
 Metaspace       used 113987K, capacity 117442K, committed 117632K, reserved 1150976K
  class space    used 14611K, capacity 15996K, committed 16000K, reserved 1048576K
}
Event: 88.602 GC heap after
{Heap after GC invocations=100 (full 0):
 garbage-first heap   total 199680K, used 125659K [0x0000000080000000, 0x0000000100000000)
  region size 1024K, 5 young (5120K), 5 survivors (5120K)
 Metaspace       used 113987K, capacity 117442K, committed 117632K, reserved 1150976K
  class space    used 14611K, capacity 15996K, committed 16000K, reserved 1048576K
}
Event: 89.083 GC heap before
{Heap before GC invocations=100 (full 0):
 garbage-first heap   total 199680K, used 164571K [0x0000000080000000, 0x0000000100000000)
  region size 1024K, 43 young (44032K), 5 survivors (5120K)
 Metaspace       used 114497K, capacity 117959K, committed 118272K, reserved 1150976K
  class space    used 14659K, capacity 16034K, committed 16128K, reserved 1048576K
}
Event: 89.094 GC heap after
{Heap after GC invocations=101 (full 0):
 garbage-first heap   total 199680K, used 126725K [0x0000000080000000, 0x0000000100000000)
  region size 1024K, 2 young (2048K), 2 survivors (2048K)
 Metaspace       used 114497K, capacity 117959K, committed 118272K, reserved 1150976K
  class space    used 14659K, capacity 16034K, committed 16128K, reserved 1048576K
}
Event: 89.529 GC heap before
{Heap before GC invocations=101 (full 0):
 garbage-first heap   total 199680K, used 164613K [0x0000000080000000, 0x0000000100000000)
  region size 1024K, 40 young (40960K), 2 survivors (2048K)
 Metaspace       used 114864K, capacity 118304K, committed 118528K, reserved 1150976K
  class space    used 14673K, capacity 16045K, committed 16128K, reserved 1048576K
}
Event: 89.537 GC heap after
{Heap after GC invocations=102 (full 0):
 garbage-first heap   total 199680K, used 128835K [0x0000000080000000, 0x0000000100000000)
  region size 1024K, 4 young (4096K), 4 survivors (4096K)
 Metaspace       used 114864K, capacity 118304K, committed 118528K, reserved 1150976K
  class space    used 14673K, capacity 16045K, committed 16128K, reserved 1048576K
}
Event: 89.856 GC heap before
{Heap before GC invocations=102 (full 0):
 garbage-first heap   total 199680K, used 170819K [0x0000000080000000, 0x0000000100000000)
  region size 1024K, 42 young (43008K), 4 survivors (4096K)
 Metaspace       used 114915K, capacity 118376K, committed 118528K, reserved 1150976K
  class space    used 14673K, capacity 16045K, committed 16128K, reserved 1048576K
}
Event: 89.877 GC heap after
{Heap after GC invocations=103 (full 0):
 garbage-first heap   total 199680K, used 134832K [0x0000000080000000, 0x0000000100000000)
  region size 1024K, 6 young (6144K), 6 survivors (6144K)
 Metaspace       used 114915K, capacity 118376K, committed 118528K, reserved 1150976K
  class space    used 14673K, capacity 16045K, committed 16128K, reserved 1048576K
}
Event: 90.066 GC heap before
{Heap before GC invocations=103 (full 0):
 garbage-first heap   total 199680K, used 166576K [0x0000000080000000, 0x0000000100000000)
  region size 1024K, 37 young (37888K), 6 survivors (6144K)
 Metaspace       used 114947K, capacity 118378K, committed 118528K, reserved 1150976K
  class space    used 14674K, capacity 16045K, committed 16128K, reserved 1048576K
}
Event: 90.083 GC heap after
{Heap after GC invocations=104 (full 0):
 garbage-first heap   total 199680K, used 140779K [0x0000000080000000, 0x0000000100000000)
  region size 1024K, 5 young (5120K), 5 survivors (5120K)
 Metaspace       used 114947K, capacity 118378K, committed 118528K, reserved 1150976K
  class space    used 14674K, capacity 16045K, committed 16128K, reserved 1048576K
}
Event: 90.287 GC heap before
{Heap before GC invocations=104 (full 0):
 garbage-first heap   total 199680K, used 166379K [0x0000000080000000, 0x0000000100000000)
  region size 1024K, 31 young (31744K), 5 survivors (5120K)
 Metaspace       used 115004K, capacity 118451K, committed 118784K, reserved 1153024K
  class space    used 14675K, capacity 16045K, committed 16128K, reserved 1048576K
}
Event: 90.303 GC heap after
{Heap after GC invocations=105 (full 0):
 garbage-first heap   total 199680K, used 147456K [0x0000000080000000, 0x0000000100000000)
  region size 1024K, 4 young (4096K), 4 survivors (4096K)
 Metaspace       used 115004K, capacity 118451K, committed 118784K, reserved 1153024K
  class space    used 14675K, capacity 16045K, committed 16128K, reserved 1048576K
}
Event: 90.374 GC heap before
{Heap before GC invocations=105 (full 0):
 garbage-first heap   total 199680K, used 167936K [0x0000000080000000, 0x0000000100000000)
  region size 1024K, 24 young (24576K), 4 survivors (4096K)
 Metaspace       used 115027K, capacity 118458K, committed 118784K, reserved 1153024K
  class space    used 14677K, capacity 16046K, committed 16128K, reserved 1048576K
}
Event: 90.389 GC heap after
{Heap after GC invocations=106 (full 0):
 garbage-first heap   total 199680K, used 151544K [0x0000000080000000, 0x0000000100000000)
  region size 1024K, 3 young (3072K), 3 survivors (3072K)
 Metaspace       used 115027K, capacity 118458K, committed 118784K, reserved 1153024K
  class space    used 14677K, capacity 16046K, committed 16128K, reserved 1048576K
}
Event: 90.473 GC heap before
{Heap before GC invocations=106 (full 0):
 garbage-first heap   total 199680K, used 168952K [0x0000000080000000, 0x0000000100000000)
  region size 1024K, 20 young (20480K), 3 survivors (3072K)
 Metaspace       used 115103K, capacity 118556K, committed 118784K, reserved 1153024K
  class space    used 14695K, capacity 16078K, committed 16128K, reserved 1048576K
}
Event: 90.484 GC heap after
{Heap after GC invocations=107 (full 0):
 garbage-first heap   total 199680K, used 154843K [0x0000000080000000, 0x0000000100000000)
  region size 1024K, 3 young (3072K), 3 survivors (3072K)
 Metaspace       used 115103K, capacity 118556K, committed 118784K, reserved 1153024K
  class space    used 14695K, capacity 16078K, committed 16128K, reserved 1048576K
}
Event: 90.560 GC heap before
{Heap before GC invocations=107 (full 0):
 garbage-first heap   total 199680K, used 170203K [0x0000000080000000, 0x0000000100000000)
  region size 1024K, 18 young (18432K), 3 survivors (3072K)
 Metaspace       used 115120K, capacity 118558K, committed 118784K, reserved 1153024K
  class space    used 14695K, capacity 16078K, committed 16128K, reserved 1048576K
}

