# JRE version: OpenJDK Runtime Environment (11.0.11+9) (build 11.0.11+9-b60-7590822)
# Java VM: OpenJDK 64-Bit Server VM (11.0.11+9-b60-7590822, mixed mode, tiered, compressed oops, g1 gc, windows-amd64)
Heap:
 garbage-first heap   total 114688K, used 70639K [0x0000000080000000, 0x0000000100000000)
  region size 1024K, 5 young (5120K), 2 survivors (2048K)
 Metaspace       used 56416K, capacity 58249K, committed 58416K, reserved 1099776K
  class space    used 7225K, capacity 7780K, committed 7808K, reserved 1048576K
GC Heap History (20 events):
Event: 18.900 GC heap before
{Heap before GC invocations=27 (full 0):
 garbage-first heap   total 95232K, used 72499K [0x0000000080000000, 0x0000000100000000)
  region size 1024K, 25 young (25600K), 3 survivors (3072K)
 Metaspace       used 48605K, capacity 49942K, committed 50224K, reserved 1093632K
  class space    used 6265K, capacity 6753K, committed 6784K, reserved 1048576K
}
Event: 18.905 GC heap after
{Heap after GC invocations=28 (full 0):
 garbage-first heap   total 95232K, used 50510K [0x0000000080000000, 0x0000000100000000)
  region size 1024K, 2 young (2048K), 2 survivors (2048K)
 Metaspace       used 48605K, capacity 49942K, committed 50224K, reserved 1093632K
  class space    used 6265K, capacity 6753K, committed 6784K, reserved 1048576K
}
Event: 20.029 GC heap before
{Heap before GC invocations=29 (full 0):
 garbage-first heap   total 95232K, used 73038K [0x0000000080000000, 0x0000000100000000)
  region size 1024K, 24 young (24576K), 2 survivors (2048K)
 Metaspace       used 49898K, capacity 51475K, committed 51760K, reserved 1093632K
  class space    used 6407K, capacity 6943K, committed 7040K, reserved 1048576K
}
Event: 20.035 GC heap after
{Heap after GC invocations=30 (full 0):
 garbage-first heap   total 95232K, used 52213K [0x0000000080000000, 0x0000000100000000)
  region size 1024K, 3 young (3072K), 3 survivors (3072K)
 Metaspace       used 49898K, capacity 51475K, committed 51760K, reserved 1093632K
  class space    used 6407K, capacity 6943K, committed 7040K, reserved 1048576K
}
Event: 20.040 GC heap before
{Heap before GC invocations=30 (full 0):
 garbage-first heap   total 95232K, used 52213K [0x0000000080000000, 0x0000000100000000)
  region size 1024K, 5 young (5120K), 3 survivors (3072K)
 Metaspace       used 49912K, capacity 51475K, committed 51760K, reserved 1093632K
  class space    used 6412K, capacity 6943K, committed 7040K, reserved 1048576K
}
Event: 20.047 GC heap after
{Heap after GC invocations=31 (full 0):
 garbage-first heap   total 95232K, used 52735K [0x0000000080000000, 0x0000000100000000)
  region size 1024K, 1 young (1024K), 1 survivors (1024K)
 Metaspace       used 49912K, capacity 51475K, committed 51760K, reserved 1093632K
  class space    used 6412K, capacity 6943K, committed 7040K, reserved 1048576K
}
Event: 20.677 GC heap before
{Heap before GC invocations=32 (full 0):
 garbage-first heap   total 95232K, used 74239K [0x0000000080000000, 0x0000000100000000)
  region size 1024K, 21 young (21504K), 1 survivors (1024K)
 Metaspace       used 51339K, capacity 52965K, committed 53168K, reserved 1095680K
  class space    used 6507K, capacity 7055K, committed 7168K, reserved 1048576K
}
Event: 20.680 GC heap after
{Heap after GC invocations=33 (full 0):
 garbage-first heap   total 95232K, used 53358K [0x0000000080000000, 0x0000000100000000)
  region size 1024K, 2 young (2048K), 2 survivors (2048K)
 Metaspace       used 51339K, capacity 52965K, committed 53168K, reserved 1095680K
  class space    used 6507K, capacity 7055K, committed 7168K, reserved 1048576K
}
Event: 21.784 GC heap before
{Heap before GC invocations=33 (full 0):
 garbage-first heap   total 95232K, used 70766K [0x0000000080000000, 0x0000000100000000)
  region size 1024K, 20 young (20480K), 2 survivors (2048K)
 Metaspace       used 52177K, capacity 53836K, committed 54064K, reserved 1095680K
  class space    used 6646K, capacity 7175K, committed 7296K, reserved 1048576K
}
Event: 21.791 GC heap after
{Heap after GC invocations=34 (full 0):
 garbage-first heap   total 95232K, used 54775K [0x0000000080000000, 0x0000000100000000)
  region size 1024K, 3 young (3072K), 3 survivors (3072K)
 Metaspace       used 52177K, capacity 53836K, committed 54064K, reserved 1095680K
  class space    used 6646K, capacity 7175K, committed 7296K, reserved 1048576K
}
Event: 22.695 GC heap before
{Heap before GC invocations=35 (full 0):
 garbage-first heap   total 95232K, used 79351K [0x0000000080000000, 0x0000000100000000)
  region size 1024K, 23 young (23552K), 3 survivors (3072K)
 Metaspace       used 53136K, capacity 54802K, committed 54960K, reserved 1097728K
  class space    used 6796K, capacity 7307K, committed 7424K, reserved 1048576K
}
Event: 22.705 GC heap after
{Heap after GC invocations=36 (full 0):
 garbage-first heap   total 114688K, used 60270K [0x0000000080000000, 0x0000000100000000)
  region size 1024K, 3 young (3072K), 3 survivors (3072K)
 Metaspace       used 53136K, capacity 54802K, committed 54960K, reserved 1097728K
  class space    used 6796K, capacity 7307K, committed 7424K, reserved 1048576K
}
Event: 24.384 GC heap before
{Heap before GC invocations=36 (full 0):
 garbage-first heap   total 114688K, used 84846K [0x0000000080000000, 0x0000000100000000)
  region size 1024K, 28 young (28672K), 3 survivors (3072K)
 Metaspace       used 54922K, capacity 56625K, committed 56752K, reserved 1097728K
  class space    used 7084K, capacity 7615K, committed 7680K, reserved 1048576K
}
Event: 24.399 GC heap after
{Heap after GC invocations=37 (full 0):
 garbage-first heap   total 114688K, used 61222K [0x0000000080000000, 0x0000000100000000)
  region size 1024K, 3 young (3072K), 3 survivors (3072K)
 Metaspace       used 54922K, capacity 56625K, committed 56752K, reserved 1097728K
  class space    used 7084K, capacity 7615K, committed 7680K, reserved 1048576K
}
Event: 33.842 GC heap before
{Heap before GC invocations=38 (full 0):
 garbage-first heap   total 114688K, used 86822K [0x0000000080000000, 0x0000000100000000)
  region size 1024K, 29 young (29696K), 3 survivors (3072K)
 Metaspace       used 56040K, capacity 57788K, committed 57904K, reserved 1099776K
  class space    used 7191K, capacity 7740K, committed 7808K, reserved 1048576K
}
Event: 33.852 GC heap after
{Heap after GC invocations=39 (full 0):
 garbage-first heap   total 114688K, used 62870K [0x0000000080000000, 0x0000000100000000)
  region size 1024K, 3 young (3072K), 3 survivors (3072K)
 Metaspace       used 56040K, capacity 57788K, committed 57904K, reserved 1099776K
  class space    used 7191K, capacity 7740K, committed 7808K, reserved 1048576K
}
Event: 36.795 GC heap before
{Heap before GC invocations=39 (full 0):
 garbage-first heap   total 114688K, used 73110K [0x0000000080000000, 0x0000000100000000)
  region size 1024K, 15 young (15360K), 3 survivors (3072K)
 Metaspace       used 56405K, capacity 58249K, committed 58416K, reserved 1099776K
  class space    used 7225K, capacity 7780K, committed 7808K, reserved 1048576K
}
Event: 36.803 GC heap after
{Heap after GC invocations=40 (full 0):
 garbage-first heap   total 114688K, used 63801K [0x0000000080000000, 0x0000000100000000)
  region size 1024K, 3 young (3072K), 3 survivors (3072K)
 Metaspace       used 56405K, capacity 58249K, committed 58416K, reserved 1099776K
  class space    used 7225K, capacity 7780K, committed 7808K, reserved 1048576K
}
Event: 37.119 GC heap before
{Heap before GC invocations=41 (full 0):
 garbage-first heap   total 114688K, used 66873K [0x0000000080000000, 0x0000000100000000)
  region size 1024K, 4 young (4096K), 3 survivors (3072K)
 Metaspace       used 56405K, capacity 58249K, committed 58416K, reserved 1099776K
  class space    used 7225K, capacity 7780K, committed 7808K, reserved 1048576K
}
Event: 37.124 GC heap after
{Heap after GC invocations=42 (full 0):
 garbage-first heap   total 114688K, used 67567K [0x0000000080000000, 0x0000000100000000)
  region size 1024K, 2 young (2048K), 2 survivors (2048K)
 Metaspace       used 56405K, capacity 58249K, committed 58416K, reserved 1099776K
  class space    used 7225K, capacity 7780K, committed 7808K, reserved 1048576K
}

