# JRE version: OpenJDK Runtime Environment (11.0.11+9) (build 11.0.11+9-b60-7590822)
# Java VM: OpenJDK 64-Bit Server VM (11.0.11+9-b60-7590822, mixed mode, tiered, compressed oops, g1 gc, windows-amd64)
Heap:
 garbage-first heap   total 239616K, used 144992K [0x0000000080000000, 0x0000000100000000)
  region size 1024K, 41 young (41984K), 1 survivors (1024K)
 Metaspace       used 101956K, capacity 104306K, committed 104524K, reserved 1140736K
  class space    used 12763K, capacity 13624K, committed 13696K, reserved 1048576K
GC Heap History (20 events):
Event: 46.077 GC heap before
{Heap before GC invocations=54 (full 0):
 garbage-first heap   total 165888K, used 122818K [0x0000000080000000, 0x0000000100000000)
  region size 1024K, 8 young (8192K), 4 survivors (4096K)
 Metaspace       used 93322K, capacity 95595K, committed 95692K, reserved 1132544K
  class space    used 11753K, capacity 12541K, committed 12544K, reserved 1048576K
}
Event: 46.095 GC heap after
{Heap after GC invocations=55 (full 0):
 garbage-first heap   total 199680K, used 109220K [0x0000000080000000, 0x0000000100000000)
  region size 1024K, 1 young (1024K), 1 survivors (1024K)
 Metaspace       used 93322K, capacity 95595K, committed 95692K, reserved 1132544K
  class space    used 11753K, capacity 12541K, committed 12544K, reserved 1048576K
}
Event: 46.607 GC heap before
{Heap before GC invocations=55 (full 0):
 garbage-first heap   total 199680K, used 146084K [0x0000000080000000, 0x0000000100000000)
  region size 1024K, 37 young (37888K), 1 survivors (1024K)
 Metaspace       used 93561K, capacity 95787K, committed 95948K, reserved 1132544K
  class space    used 11763K, capacity 12541K, committed 12544K, reserved 1048576K
}
Event: 46.619 GC heap after
{Heap after GC invocations=56 (full 0):
 garbage-first heap   total 199680K, used 112003K [0x0000000080000000, 0x0000000100000000)
  region size 1024K, 4 young (4096K), 4 survivors (4096K)
 Metaspace       used 93561K, capacity 95787K, committed 95948K, reserved 1132544K
  class space    used 11763K, capacity 12541K, committed 12544K, reserved 1048576K
}
Event: 49.685 GC heap before
{Heap before GC invocations=57 (full 0):
 garbage-first heap   total 199680K, used 148867K [0x0000000080000000, 0x0000000100000000)
  region size 1024K, 41 young (41984K), 4 survivors (4096K)
 Metaspace       used 95228K, capacity 97490K, committed 97740K, reserved 1134592K
  class space    used 11929K, capacity 12740K, committed 12800K, reserved 1048576K
}
Event: 49.701 GC heap after
{Heap after GC invocations=58 (full 0):
 garbage-first heap   total 199680K, used 104587K [0x0000000080000000, 0x0000000100000000)
  region size 1024K, 4 young (4096K), 4 survivors (4096K)
 Metaspace       used 95228K, capacity 97490K, committed 97740K, reserved 1134592K
  class space    used 11929K, capacity 12740K, committed 12800K, reserved 1048576K
}
Event: 50.131 GC heap before
{Heap before GC invocations=58 (full 0):
 garbage-first heap   total 199680K, used 108683K [0x0000000080000000, 0x0000000100000000)
  region size 1024K, 9 young (9216K), 4 survivors (4096K)
 Metaspace       used 95245K, capacity 97493K, committed 97740K, reserved 1134592K
  class space    used 11929K, capacity 12740K, committed 12800K, reserved 1048576K
}
Event: 50.141 GC heap after
{Heap after GC invocations=59 (full 0):
 garbage-first heap   total 199680K, used 98345K [0x0000000080000000, 0x0000000100000000)
  region size 1024K, 2 young (2048K), 2 survivors (2048K)
 Metaspace       used 95245K, capacity 97493K, committed 97740K, reserved 1134592K
  class space    used 11929K, capacity 12740K, committed 12800K, reserved 1048576K
}
Event: 53.295 GC heap before
{Heap before GC invocations=59 (full 0):
 garbage-first heap   total 199680K, used 142377K [0x0000000080000000, 0x0000000100000000)
  region size 1024K, 46 young (47104K), 2 survivors (2048K)
 Metaspace       used 97506K, capacity 99760K, committed 99788K, reserved 1136640K
  class space    used 12227K, capacity 13044K, committed 13056K, reserved 1048576K
}
Event: 53.301 GC heap after
{Heap after GC invocations=60 (full 0):
 garbage-first heap   total 199680K, used 98693K [0x0000000080000000, 0x0000000100000000)
  region size 1024K, 2 young (2048K), 2 survivors (2048K)
 Metaspace       used 97506K, capacity 99760K, committed 99788K, reserved 1136640K
  class space    used 12227K, capacity 13044K, committed 13056K, reserved 1048576K
}
Event: 56.401 GC heap before
{Heap before GC invocations=61 (full 0):
 garbage-first heap   total 199680K, used 148869K [0x0000000080000000, 0x0000000100000000)
  region size 1024K, 53 young (54272K), 2 survivors (2048K)
 Metaspace       used 99588K, capacity 101874K, committed 102092K, reserved 1138688K
  class space    used 12445K, capacity 13246K, committed 13312K, reserved 1048576K
}
Event: 56.415 GC heap after
{Heap after GC invocations=62 (full 0):
 garbage-first heap   total 199680K, used 101192K [0x0000000080000000, 0x0000000100000000)
  region size 1024K, 6 young (6144K), 6 survivors (6144K)
 Metaspace       used 99588K, capacity 101874K, committed 102092K, reserved 1138688K
  class space    used 12445K, capacity 13246K, committed 13312K, reserved 1048576K
}
Event: 56.494 GC heap before
{Heap before GC invocations=62 (full 0):
 garbage-first heap   total 199680K, used 104264K [0x0000000080000000, 0x0000000100000000)
  region size 1024K, 9 young (9216K), 6 survivors (6144K)
 Metaspace       used 99593K, capacity 101875K, committed 102092K, reserved 1138688K
  class space    used 12445K, capacity 13246K, committed 13312K, reserved 1048576K
}
Event: 56.506 GC heap after
{Heap after GC invocations=63 (full 0):
 garbage-first heap   total 199680K, used 94971K [0x0000000080000000, 0x0000000100000000)
  region size 1024K, 1 young (1024K), 1 survivors (1024K)
 Metaspace       used 99593K, capacity 101875K, committed 102092K, reserved 1138688K
  class space    used 12445K, capacity 13246K, committed 13312K, reserved 1048576K
}
Event: 59.456 GC heap before
{Heap before GC invocations=63 (full 0):
 garbage-first heap   total 199680K, used 148219K [0x0000000080000000, 0x0000000100000000)
  region size 1024K, 54 young (55296K), 1 survivors (1024K)
 Metaspace       used 99782K, capacity 102068K, committed 102348K, reserved 1138688K
  class space    used 12460K, capacity 13283K, committed 13312K, reserved 1048576K
}
Event: 59.467 GC heap after
{Heap after GC invocations=64 (full 0):
 garbage-first heap   total 199680K, used 97214K [0x0000000080000000, 0x0000000100000000)
  region size 1024K, 4 young (4096K), 4 survivors (4096K)
 Metaspace       used 99782K, capacity 102068K, committed 102348K, reserved 1138688K
  class space    used 12460K, capacity 13283K, committed 13312K, reserved 1048576K
}
Event: 61.366 GC heap before
{Heap before GC invocations=65 (full 0):
 garbage-first heap   total 199680K, used 161726K [0x0000000080000000, 0x0000000100000000)
  region size 1024K, 60 young (61440K), 4 survivors (4096K)
 Metaspace       used 100632K, capacity 102992K, committed 103372K, reserved 1138688K
  class space    used 12591K, capacity 13442K, committed 13568K, reserved 1048576K
}
Event: 61.398 GC heap after
{Heap after GC invocations=66 (full 0):
 garbage-first heap   total 199680K, used 106427K [0x0000000080000000, 0x0000000100000000)
  region size 1024K, 8 young (8192K), 8 survivors (8192K)
 Metaspace       used 100632K, capacity 102992K, committed 103372K, reserved 1138688K
  class space    used 12591K, capacity 13442K, committed 13568K, reserved 1048576K
}
Event: 61.401 GC heap before
{Heap before GC invocations=66 (full 0):
 garbage-first heap   total 199680K, used 107451K [0x0000000080000000, 0x0000000100000000)
  region size 1024K, 9 young (9216K), 8 survivors (8192K)
 Metaspace       used 100632K, capacity 102992K, committed 103372K, reserved 1138688K
  class space    used 12591K, capacity 13442K, committed 13568K, reserved 1048576K
}
Event: 61.438 GC heap after
{Heap after GC invocations=67 (full 0):
 garbage-first heap   total 239616K, used 106080K [0x0000000080000000, 0x0000000100000000)
  region size 1024K, 1 young (1024K), 1 survivors (1024K)
 Metaspace       used 100632K, capacity 102992K, committed 103372K, reserved 1138688K
  class space    used 12591K, capacity 13442K, committed 13568K, reserved 1048576K
}

