# JRE version: OpenJDK Runtime Environment (11.0.11+9) (build 11.0.11+9-b60-7590822)
# Java VM: OpenJDK 64-Bit Server VM (11.0.11+9-b60-7590822, mixed mode, tiered, compressed oops, g1 gc, windows-amd64)
Heap:
 garbage-first heap   total 309248K, used 183217K [0x0000000080000000, 0x0000000100000000)
  region size 1024K, 2 young (2048K), 2 survivors (2048K)
 Metaspace       used 96269K, capacity 98632K, committed 98764K, reserved 1134592K
  class space    used 12599K, capacity 13448K, committed 13516K, reserved 1048576K
GC Heap History (20 events):
Event: 93.231 GC heap after
{Heap after GC invocations=114 (full 0):
 garbage-first heap   total 172032K, used 146432K [0x0000000080000000, 0x0000000100000000)
  region size 1024K, 1 young (1024K), 1 survivors (1024K)
 Metaspace       used 93941K, capacity 96193K, committed 96460K, reserved 1132544K
  class space    used 12118K, capacity 12915K, committed 13004K, reserved 1048576K
}
Event: 93.280 GC heap before
{Heap before GC invocations=114 (full 0):
 garbage-first heap   total 172032K, used 154624K [0x0000000080000000, 0x0000000100000000)
  region size 1024K, 8 young (8192K), 1 survivors (1024K)
 Metaspace       used 93941K, capacity 96193K, committed 96460K, reserved 1132544K
  class space    used 12118K, capacity 12915K, committed 13004K, reserved 1048576K
}
Event: 93.293 GC heap after
{Heap after GC invocations=115 (full 0):
 garbage-first heap   total 172032K, used 150375K [0x0000000080000000, 0x0000000100000000)
  region size 1024K, 1 young (1024K), 1 survivors (1024K)
 Metaspace       used 93941K, capacity 96193K, committed 96460K, reserved 1132544K
  class space    used 12118K, capacity 12915K, committed 13004K, reserved 1048576K
}
Event: 93.322 GC heap before
{Heap before GC invocations=115 (full 0):
 garbage-first heap   total 172032K, used 157543K [0x0000000080000000, 0x0000000100000000)
  region size 1024K, 8 young (8192K), 1 survivors (1024K)
 Metaspace       used 93941K, capacity 96193K, committed 96460K, reserved 1132544K
  class space    used 12118K, capacity 12915K, committed 13004K, reserved 1048576K
}
Event: 93.340 GC heap after
{Heap after GC invocations=116 (full 0):
 garbage-first heap   total 172032K, used 153566K [0x0000000080000000, 0x0000000100000000)
  region size 1024K, 1 young (1024K), 1 survivors (1024K)
 Metaspace       used 93941K, capacity 96193K, committed 96460K, reserved 1132544K
  class space    used 12118K, capacity 12915K, committed 13004K, reserved 1048576K
}
Event: 95.363 GC heap before
{Heap before GC invocations=117 (full 0):
 garbage-first heap   total 172032K, used 160734K [0x0000000080000000, 0x0000000100000000)
  region size 1024K, 8 young (8192K), 1 survivors (1024K)
 Metaspace       used 95711K, capacity 98079K, committed 98252K, reserved 1134592K
  class space    used 12562K, capacity 13401K, committed 13516K, reserved 1048576K
}
Event: 95.390 GC heap after
{Heap after GC invocations=118 (full 0):
 garbage-first heap   total 172032K, used 154903K [0x0000000080000000, 0x0000000100000000)
  region size 1024K, 1 young (1024K), 1 survivors (1024K)
 Metaspace       used 95711K, capacity 98079K, committed 98252K, reserved 1134592K
  class space    used 12562K, capacity 13401K, committed 13516K, reserved 1048576K
}
Event: 95.708 GC heap before
{Heap before GC invocations=118 (full 0):
 garbage-first heap   total 172032K, used 162071K [0x0000000080000000, 0x0000000100000000)
  region size 1024K, 8 young (8192K), 1 survivors (1024K)
 Metaspace       used 96089K, capacity 98480K, committed 98764K, reserved 1134592K
  class space    used 12597K, capacity 13446K, committed 13516K, reserved 1048576K
}
Event: 95.719 GC heap after
{Heap after GC invocations=119 (full 0):
 garbage-first heap   total 172032K, used 158047K [0x0000000080000000, 0x0000000100000000)
  region size 1024K, 1 young (1024K), 1 survivors (1024K)
 Metaspace       used 96089K, capacity 98480K, committed 98764K, reserved 1134592K
  class space    used 12597K, capacity 13446K, committed 13516K, reserved 1048576K
}
Event: 95.785 GC heap before
{Heap before GC invocations=119 (full 0):
 garbage-first heap   total 172032K, used 165215K [0x0000000080000000, 0x0000000100000000)
  region size 1024K, 8 young (8192K), 1 survivors (1024K)
 Metaspace       used 96126K, capacity 98483K, committed 98764K, reserved 1134592K
  class space    used 12597K, capacity 13446K, committed 13516K, reserved 1048576K
}
Event: 95.794 GC heap after
{Heap after GC invocations=120 (full 0):
 garbage-first heap   total 172032K, used 161687K [0x0000000080000000, 0x0000000100000000)
  region size 1024K, 1 young (1024K), 1 survivors (1024K)
 Metaspace       used 96126K, capacity 98483K, committed 98764K, reserved 1134592K
  class space    used 12597K, capacity 13446K, committed 13516K, reserved 1048576K
}
Event: 96.420 GC heap before
{Heap before GC invocations=120 (full 0):
 garbage-first heap   total 172032K, used 168855K [0x0000000080000000, 0x0000000100000000)
  region size 1024K, 8 young (8192K), 1 survivors (1024K)
 Metaspace       used 96238K, capacity 98616K, committed 98764K, reserved 1134592K
  class space    used 12598K, capacity 13446K, committed 13516K, reserved 1048576K
}
Event: 96.435 GC heap after
{Heap after GC invocations=121 (full 0):
 garbage-first heap   total 208896K, used 165498K [0x0000000080000000, 0x0000000100000000)
  region size 1024K, 1 young (1024K), 1 survivors (1024K)
 Metaspace       used 96238K, capacity 98616K, committed 98764K, reserved 1134592K
  class space    used 12598K, capacity 13446K, committed 13516K, reserved 1048576K
}
Event: 96.576 GC heap before
{Heap before GC invocations=122 (full 0):
 garbage-first heap   total 208896K, used 174714K [0x0000000080000000, 0x0000000100000000)
  region size 1024K, 10 young (10240K), 1 survivors (1024K)
 Metaspace       used 96255K, capacity 98629K, committed 98764K, reserved 1134592K
  class space    used 12599K, capacity 13448K, committed 13516K, reserved 1048576K
}
Event: 96.597 GC heap after
{Heap after GC invocations=123 (full 0):
 garbage-first heap   total 208896K, used 170493K [0x0000000080000000, 0x0000000100000000)
  region size 1024K, 2 young (2048K), 2 survivors (2048K)
 Metaspace       used 96255K, capacity 98629K, committed 98764K, reserved 1134592K
  class space    used 12599K, capacity 13448K, committed 13516K, reserved 1048576K
}
Event: 96.699 GC heap before
{Heap before GC invocations=123 (full 0):
 garbage-first heap   total 208896K, used 178685K [0x0000000080000000, 0x0000000100000000)
  region size 1024K, 10 young (10240K), 2 survivors (2048K)
 Metaspace       used 96258K, capacity 98629K, committed 98764K, reserved 1134592K
  class space    used 12599K, capacity 13448K, committed 13516K, reserved 1048576K
}
Event: 96.723 GC heap after
{Heap after GC invocations=124 (full 0):
 garbage-first heap   total 208896K, used 174935K [0x0000000080000000, 0x0000000100000000)
  region size 1024K, 2 young (2048K), 2 survivors (2048K)
 Metaspace       used 96258K, capacity 98629K, committed 98764K, reserved 1134592K
  class space    used 12599K, capacity 13448K, committed 13516K, reserved 1048576K
}
Event: 96.834 GC heap before
{Heap before GC invocations=124 (full 0):
 garbage-first heap   total 208896K, used 183127K [0x0000000080000000, 0x0000000100000000)
  region size 1024K, 10 young (10240K), 2 survivors (2048K)
 Metaspace       used 96261K, capacity 98629K, committed 98764K, reserved 1134592K
  class space    used 12599K, capacity 13448K, committed 13516K, reserved 1048576K
}
Event: 96.849 GC heap after
{Heap after GC invocations=125 (full 0):
 garbage-first heap   total 208896K, used 178973K [0x0000000080000000, 0x0000000100000000)
  region size 1024K, 2 young (2048K), 2 survivors (2048K)
 Metaspace       used 96261K, capacity 98629K, committed 98764K, reserved 1134592K
  class space    used 12599K, capacity 13448K, committed 13516K, reserved 1048576K
}
Event: 96.974 GC heap before
{Heap before GC invocations=125 (full 0):
 garbage-first heap   total 208896K, used 187165K [0x0000000080000000, 0x0000000100000000)
  region size 1024K, 10 young (10240K), 2 survivors (2048K)
 Metaspace       used 96269K, capacity 98632K, committed 98764K, reserved 1134592K
  class space    used 12599K, capacity 13448K, committed 13516K, reserved 1048576K
}

