# JRE version: OpenJDK Runtime Environment (11.0.11+9) (build 11.0.11+9-b60-7590822)
# Java VM: OpenJDK 64-Bit Server VM (11.0.11+9-b60-7590822, mixed mode, tiered, compressed oops, g1 gc, windows-amd64)
Heap:
 garbage-first heap   total 568320K, used 220155K [0x0000000080000000, 0x0000000100000000)
  region size 1024K, 2 young (2048K), 2 survivors (2048K)
 Metaspace       used 114107K, capacity 116974K, committed 117196K, reserved 1150976K
  class space    used 14392K, capacity 15425K, committed 15564K, reserved 1048576K
GC Heap History (20 events):
Event: 308.774 GC heap after
{Heap after GC invocations=144 (full 0):
 garbage-first heap   total 203776K, used 175630K [0x0000000080000000, 0x0000000100000000)
  region size 1024K, 2 young (2048K), 2 survivors (2048K)
 Metaspace       used 114053K, capacity 116962K, committed 117196K, reserved 1150976K
  class space    used 14404K, capacity 15447K, committed 15564K, reserved 1048576K
}
Event: 308.829 GC heap before
{Heap before GC invocations=144 (full 0):
 garbage-first heap   total 203776K, used 181774K [0x0000000080000000, 0x0000000100000000)
  region size 1024K, 9 young (9216K), 2 survivors (2048K)
 Metaspace       used 114065K, capacity 116963K, committed 117196K, reserved 1150976K
  class space    used 14404K, capacity 15447K, committed 15564K, reserved 1048576K
}
Event: 308.839 GC heap after
{Heap after GC invocations=145 (full 0):
 garbage-first heap   total 203776K, used 179200K [0x0000000080000000, 0x0000000100000000)
  region size 1024K, 2 young (2048K), 2 survivors (2048K)
 Metaspace       used 114065K, capacity 116963K, committed 117196K, reserved 1150976K
  class space    used 14404K, capacity 15447K, committed 15564K, reserved 1048576K
}
Event: 308.892 GC heap before
{Heap before GC invocations=145 (full 0):
 garbage-first heap   total 203776K, used 185344K [0x0000000080000000, 0x0000000100000000)
  region size 1024K, 9 young (9216K), 2 survivors (2048K)
 Metaspace       used 114070K, capacity 116963K, committed 117196K, reserved 1150976K
  class space    used 14404K, capacity 15447K, committed 15564K, reserved 1048576K
}
Event: 308.902 GC heap after
{Heap after GC invocations=146 (full 0):
 garbage-first heap   total 203776K, used 182962K [0x0000000080000000, 0x0000000100000000)
  region size 1024K, 2 young (2048K), 2 survivors (2048K)
 Metaspace       used 114070K, capacity 116963K, committed 117196K, reserved 1150976K
  class space    used 14404K, capacity 15447K, committed 15564K, reserved 1048576K
}
Event: 308.959 GC heap before
{Heap before GC invocations=146 (full 0):
 garbage-first heap   total 203776K, used 190130K [0x0000000080000000, 0x0000000100000000)
  region size 1024K, 9 young (9216K), 2 survivors (2048K)
 Metaspace       used 114074K, capacity 116963K, committed 117196K, reserved 1150976K
  class space    used 14404K, capacity 15447K, committed 15564K, reserved 1048576K
}
Event: 308.969 GC heap after
{Heap after GC invocations=147 (full 0):
 garbage-first heap   total 203776K, used 186716K [0x0000000080000000, 0x0000000100000000)
  region size 1024K, 2 young (2048K), 2 survivors (2048K)
 Metaspace       used 114074K, capacity 116963K, committed 117196K, reserved 1150976K
  class space    used 14404K, capacity 15447K, committed 15564K, reserved 1048576K
}
Event: 309.019 GC heap before
{Heap before GC invocations=147 (full 0):
 garbage-first heap   total 203776K, used 192860K [0x0000000080000000, 0x0000000100000000)
  region size 1024K, 9 young (9216K), 2 survivors (2048K)
 Metaspace       used 114084K, capacity 116966K, committed 117196K, reserved 1150976K
  class space    used 14404K, capacity 15447K, committed 15564K, reserved 1048576K
}
Event: 309.030 GC heap after
{Heap after GC invocations=148 (full 0):
 garbage-first heap   total 203776K, used 190296K [0x0000000080000000, 0x0000000100000000)
  region size 1024K, 2 young (2048K), 2 survivors (2048K)
 Metaspace       used 114084K, capacity 116966K, committed 117196K, reserved 1150976K
  class space    used 14404K, capacity 15447K, committed 15564K, reserved 1048576K
}
Event: 309.078 GC heap before
{Heap before GC invocations=148 (full 0):
 garbage-first heap   total 203776K, used 197464K [0x0000000080000000, 0x0000000100000000)
  region size 1024K, 9 young (9216K), 2 survivors (2048K)
 Metaspace       used 114084K, capacity 116966K, committed 117196K, reserved 1150976K
  class space    used 14404K, capacity 15447K, committed 15564K, reserved 1048576K
}
Event: 309.088 GC heap after
{Heap after GC invocations=149 (full 0):
 garbage-first heap   total 203776K, used 193875K [0x0000000080000000, 0x0000000100000000)
  region size 1024K, 2 young (2048K), 2 survivors (2048K)
 Metaspace       used 114084K, capacity 116966K, committed 117196K, reserved 1150976K
  class space    used 14404K, capacity 15447K, committed 15564K, reserved 1048576K
}
Event: 309.176 GC heap before
{Heap before GC invocations=149 (full 0):
 garbage-first heap   total 203776K, used 201043K [0x0000000080000000, 0x0000000100000000)
  region size 1024K, 9 young (9216K), 2 survivors (2048K)
 Metaspace       used 114137K, capacity 117030K, committed 117196K, reserved 1150976K
  class space    used 14404K, capacity 15447K, committed 15564K, reserved 1048576K
}
Event: 309.355 GC heap after
{Heap after GC invocations=150 (full 0):
 garbage-first heap   total 248832K, used 197602K [0x0000000080000000, 0x0000000100000000)
  region size 1024K, 2 young (2048K), 2 survivors (2048K)
 Metaspace       used 114137K, capacity 117030K, committed 117196K, reserved 1150976K
  class space    used 14404K, capacity 15447K, committed 15564K, reserved 1048576K
}
Event: 309.546 GC heap before
{Heap before GC invocations=150 (full 0):
 garbage-first heap   total 248832K, used 207842K [0x0000000080000000, 0x0000000100000000)
  region size 1024K, 12 young (12288K), 2 survivors (2048K)
 Metaspace       used 114103K, capacity 116974K, committed 117196K, reserved 1150976K
  class space    used 14392K, capacity 15425K, committed 15564K, reserved 1048576K
}
Event: 309.558 GC heap after
{Heap after GC invocations=151 (full 0):
 garbage-first heap   total 248832K, used 203097K [0x0000000080000000, 0x0000000100000000)
  region size 1024K, 2 young (2048K), 2 survivors (2048K)
 Metaspace       used 114103K, capacity 116974K, committed 117196K, reserved 1150976K
  class space    used 14392K, capacity 15425K, committed 15564K, reserved 1048576K
}
Event: 309.623 GC heap before
{Heap before GC invocations=151 (full 0):
 garbage-first heap   total 248832K, used 213337K [0x0000000080000000, 0x0000000100000000)
  region size 1024K, 12 young (12288K), 2 survivors (2048K)
 Metaspace       used 114105K, capacity 116974K, committed 117196K, reserved 1150976K
  class space    used 14392K, capacity 15425K, committed 15564K, reserved 1048576K
}
Event: 309.641 GC heap after
{Heap after GC invocations=152 (full 0):
 garbage-first heap   total 248832K, used 208789K [0x0000000080000000, 0x0000000100000000)
  region size 1024K, 2 young (2048K), 2 survivors (2048K)
 Metaspace       used 114105K, capacity 116974K, committed 117196K, reserved 1150976K
  class space    used 14392K, capacity 15425K, committed 15564K, reserved 1048576K
}
Event: 309.741 GC heap before
{Heap before GC invocations=152 (full 0):
 garbage-first heap   total 248832K, used 219029K [0x0000000080000000, 0x0000000100000000)
  region size 1024K, 12 young (12288K), 2 survivors (2048K)
 Metaspace       used 114107K, capacity 116974K, committed 117196K, reserved 1150976K
  class space    used 14392K, capacity 15425K, committed 15564K, reserved 1048576K
}
Event: 309.758 GC heap after
{Heap after GC invocations=153 (full 0):
 garbage-first heap   total 248832K, used 214504K [0x0000000080000000, 0x0000000100000000)
  region size 1024K, 2 young (2048K), 2 survivors (2048K)
 Metaspace       used 114107K, capacity 116974K, committed 117196K, reserved 1150976K
  class space    used 14392K, capacity 15425K, committed 15564K, reserved 1048576K
}
Event: 309.831 GC heap before
{Heap before GC invocations=154 (full 0):
 garbage-first heap   total 248832K, used 224744K [0x0000000080000000, 0x0000000100000000)
  region size 1024K, 12 young (12288K), 2 survivors (2048K)
 Metaspace       used 114107K, capacity 116974K, committed 117196K, reserved 1150976K
  class space    used 14392K, capacity 15425K, committed 15564K, reserved 1048576K
}

