# JRE version: OpenJDK Runtime Environment (11.0.11+9) (build 11.0.11+9-b60-7590822)
# Java VM: OpenJDK 64-Bit Server VM (11.0.11+9-b60-7590822, mixed mode, tiered, compressed oops, g1 gc, windows-amd64)
Heap:
 garbage-first heap   total 236544K, used 164213K [0x0000000080000000, 0x0000000100000000)
  region size 1024K, 1 young (1024K), 1 survivors (1024K)
 Metaspace       used 116882K, capacity 120315K, committed 120468K, reserved 1153024K
  class space    used 14927K, capacity 16142K, committed 16204K, reserved 1048576K
GC Heap History (20 events):
Event: 106.586 GC heap after
{Heap after GC invocations=117 (full 0):
 garbage-first heap   total 165888K, used 145017K [0x0000000080000000, 0x0000000100000000)
  region size 1024K, 1 young (1024K), 1 survivors (1024K)
 Metaspace       used 116024K, capacity 119340K, committed 119572K, reserved 1153024K
  class space    used 14824K, capacity 16004K, committed 16076K, reserved 1048576K
}
Event: 107.239 GC heap before
{Heap before GC invocations=117 (full 0):
 garbage-first heap   total 165888K, used 151161K [0x0000000080000000, 0x0000000100000000)
  region size 1024K, 8 young (8192K), 1 survivors (1024K)
 Metaspace       used 116026K, capacity 119340K, committed 119572K, reserved 1153024K
  class space    used 14824K, capacity 16004K, committed 16076K, reserved 1048576K
}
Event: 107.242 GC heap after
{Heap after GC invocations=118 (full 0):
 garbage-first heap   total 165888K, used 145295K [0x0000000080000000, 0x0000000100000000)
  region size 1024K, 1 young (1024K), 1 survivors (1024K)
 Metaspace       used 116026K, capacity 119340K, committed 119572K, reserved 1153024K
  class space    used 14824K, capacity 16004K, committed 16076K, reserved 1048576K
}
Event: 107.768 GC heap before
{Heap before GC invocations=119 (full 0):
 garbage-first heap   total 165888K, used 151439K [0x0000000080000000, 0x0000000100000000)
  region size 1024K, 8 young (8192K), 1 survivors (1024K)
 Metaspace       used 116036K, capacity 119340K, committed 119572K, reserved 1153024K
  class space    used 14824K, capacity 16004K, committed 16076K, reserved 1048576K
}
Event: 107.778 GC heap after
{Heap after GC invocations=120 (full 0):
 garbage-first heap   total 165888K, used 145559K [0x0000000080000000, 0x0000000100000000)
  region size 1024K, 1 young (1024K), 1 survivors (1024K)
 Metaspace       used 116036K, capacity 119340K, committed 119572K, reserved 1153024K
  class space    used 14824K, capacity 16004K, committed 16076K, reserved 1048576K
}
Event: 108.370 GC heap before
{Heap before GC invocations=120 (full 0):
 garbage-first heap   total 165888K, used 152727K [0x0000000080000000, 0x0000000100000000)
  region size 1024K, 8 young (8192K), 1 survivors (1024K)
 Metaspace       used 116232K, capacity 119502K, committed 119572K, reserved 1153024K
  class space    used 14848K, capacity 16014K, committed 16076K, reserved 1048576K
}
Event: 108.379 GC heap after
{Heap after GC invocations=121 (full 0):
 garbage-first heap   total 165888K, used 145482K [0x0000000080000000, 0x0000000100000000)
  region size 1024K, 1 young (1024K), 1 survivors (1024K)
 Metaspace       used 116232K, capacity 119502K, committed 119572K, reserved 1153024K
  class space    used 14848K, capacity 16014K, committed 16076K, reserved 1048576K
}
Event: 109.047 GC heap before
{Heap before GC invocations=121 (full 0):
 garbage-first heap   total 165888K, used 153674K [0x0000000080000000, 0x0000000100000000)
  region size 1024K, 8 young (8192K), 1 survivors (1024K)
 Metaspace       used 116401K, capacity 119722K, committed 119828K, reserved 1153024K
  class space    used 14865K, capacity 16056K, committed 16076K, reserved 1048576K
}
Event: 109.056 GC heap after
{Heap after GC invocations=122 (full 0):
 garbage-first heap   total 165888K, used 148349K [0x0000000080000000, 0x0000000100000000)
  region size 1024K, 1 young (1024K), 1 survivors (1024K)
 Metaspace       used 116401K, capacity 119722K, committed 119828K, reserved 1153024K
  class space    used 14865K, capacity 16056K, committed 16076K, reserved 1048576K
}
Event: 109.179 GC heap before
{Heap before GC invocations=122 (full 0):
 garbage-first heap   total 165888K, used 148349K [0x0000000080000000, 0x0000000100000000)
  region size 1024K, 2 young (2048K), 1 survivors (1024K)
 Metaspace       used 116401K, capacity 119722K, committed 119828K, reserved 1153024K
  class space    used 14865K, capacity 16056K, committed 16076K, reserved 1048576K
}
Event: 109.184 GC heap after
{Heap after GC invocations=123 (full 0):
 garbage-first heap   total 165888K, used 148645K [0x0000000080000000, 0x0000000100000000)
  region size 1024K, 1 young (1024K), 1 survivors (1024K)
 Metaspace       used 116401K, capacity 119722K, committed 119828K, reserved 1153024K
  class space    used 14865K, capacity 16056K, committed 16076K, reserved 1048576K
}
Event: 109.931 GC heap before
{Heap before GC invocations=124 (full 0):
 garbage-first heap   total 165888K, used 160933K [0x0000000080000000, 0x0000000100000000)
  region size 1024K, 8 young (8192K), 1 survivors (1024K)
 Metaspace       used 116403K, capacity 119786K, committed 119828K, reserved 1153024K
  class space    used 14865K, capacity 16056K, committed 16076K, reserved 1048576K
}
Event: 109.935 GC heap after
{Heap after GC invocations=125 (full 0):
 garbage-first heap   total 165888K, used 155889K [0x0000000080000000, 0x0000000100000000)
  region size 1024K, 1 young (1024K), 1 survivors (1024K)
 Metaspace       used 116403K, capacity 119786K, committed 119828K, reserved 1153024K
  class space    used 14865K, capacity 16056K, committed 16076K, reserved 1048576K
}
Event: 110.364 GC heap before
{Heap before GC invocations=125 (full 0):
 garbage-first heap   total 165888K, used 159985K [0x0000000080000000, 0x0000000100000000)
  region size 1024K, 7 young (7168K), 1 survivors (1024K)
 Metaspace       used 116484K, capacity 119853K, committed 120084K, reserved 1153024K
  class space    used 14873K, capacity 16057K, committed 16076K, reserved 1048576K
}
Event: 110.368 GC heap after
{Heap after GC invocations=126 (full 0):
 garbage-first heap   total 165888K, used 157630K [0x0000000080000000, 0x0000000100000000)
  region size 1024K, 1 young (1024K), 1 survivors (1024K)
 Metaspace       used 116484K, capacity 119853K, committed 120084K, reserved 1153024K
  class space    used 14873K, capacity 16057K, committed 16076K, reserved 1048576K
}
Event: 110.733 GC heap before
{Heap before GC invocations=127 (full 0):
 garbage-first heap   total 165888K, used 160702K [0x0000000080000000, 0x0000000100000000)
  region size 1024K, 4 young (4096K), 1 survivors (1024K)
 Metaspace       used 116677K, capacity 120075K, committed 120212K, reserved 1153024K
  class space    used 14909K, capacity 16132K, committed 16204K, reserved 1048576K
}
Event: 110.738 GC heap after
{Heap after GC invocations=128 (full 0):
 garbage-first heap   total 165888K, used 159429K [0x0000000080000000, 0x0000000100000000)
  region size 1024K, 1 young (1024K), 1 survivors (1024K)
 Metaspace       used 116677K, capacity 120075K, committed 120212K, reserved 1153024K
  class space    used 14909K, capacity 16132K, committed 16204K, reserved 1048576K
}
Event: 111.115 GC heap before
{Heap before GC invocations=129 (full 0):
 garbage-first heap   total 165888K, used 164549K [0x0000000080000000, 0x0000000100000000)
  region size 1024K, 4 young (4096K), 1 survivors (1024K)
 Metaspace       used 116853K, capacity 120251K, committed 120468K, reserved 1153024K
  class space    used 14923K, capacity 16142K, committed 16204K, reserved 1048576K
}
Event: 111.182 GC heap after
{Heap after GC invocations=130 (full 0):
 garbage-first heap   total 167936K, used 163297K [0x0000000080000000, 0x0000000100000000)
  region size 1024K, 1 young (1024K), 1 survivors (1024K)
 Metaspace       used 116853K, capacity 120251K, committed 120468K, reserved 1153024K
  class space    used 14923K, capacity 16142K, committed 16204K, reserved 1048576K
}
Event: 111.543 GC heap before
{Heap before GC invocations=130 (full 0):
 garbage-first heap   total 167936K, used 166369K [0x0000000080000000, 0x0000000100000000)
  region size 1024K, 5 young (5120K), 1 survivors (1024K)
 Metaspace       used 116882K, capacity 120315K, committed 120468K, reserved 1153024K
  class space    used 14927K, capacity 16142K, committed 16204K, reserved 1048576K
}

