# JRE version: OpenJDK Runtime Environment (11.0.11+9) (build 11.0.11+9-b60-7590822)
# Java VM: OpenJDK 64-Bit Server VM (11.0.11+9-b60-7590822, mixed mode, tiered, compressed oops, g1 gc, windows-amd64)
Heap:
 garbage-first heap   total 115712K, used 87674K [0x0000000080000000, 0x0000000100000000)
  region size 1024K, 24 young (24576K), 2 survivors (2048K)
 Metaspace       used 73860K, capacity 75646K, committed 75852K, reserved 1114112K
  class space    used 9560K, capacity 10198K, committed 10316K, reserved 1048576K
GC Heap History (20 events):
Event: 25.992 GC heap before
{Heap before GC invocations=16 (full 0):
 garbage-first heap   total 95232K, used 70228K [0x0000000080000000, 0x0000000100000000)
  region size 1024K, 42 young (43008K), 3 survivors (3072K)
 Metaspace       used 47942K, capacity 49281K, committed 49356K, reserved 1091584K
  class space    used 6125K, capacity 6593K, committed 6604K, reserved 1048576K
}
Event: 26.003 GC heap after
{Heap after GC invocations=17 (full 0):
 garbage-first heap   total 95232K, used 33942K [0x0000000080000000, 0x0000000100000000)
  region size 1024K, 6 young (6144K), 6 survivors (6144K)
 Metaspace       used 47942K, capacity 49281K, committed 49356K, reserved 1091584K
  class space    used 6125K, capacity 6593K, committed 6604K, reserved 1048576K
}
Event: 30.480 GC heap before
{Heap before GC invocations=17 (full 0):
 garbage-first heap   total 95232K, used 82070K [0x0000000080000000, 0x0000000100000000)
  region size 1024K, 44 young (45056K), 6 survivors (6144K)
 Metaspace       used 50881K, capacity 52284K, committed 52556K, reserved 1095680K
  class space    used 6485K, capacity 6961K, committed 6988K, reserved 1048576K
}
Event: 30.523 GC heap after
{Heap after GC invocations=18 (full 0):
 garbage-first heap   total 96256K, used 50727K [0x0000000080000000, 0x0000000100000000)
  region size 1024K, 6 young (6144K), 6 survivors (6144K)
 Metaspace       used 50881K, capacity 52284K, committed 52556K, reserved 1095680K
  class space    used 6485K, capacity 6961K, committed 6988K, reserved 1048576K
}
Event: 31.576 GC heap before
{Heap before GC invocations=18 (full 0):
 garbage-first heap   total 96256K, used 77351K [0x0000000080000000, 0x0000000100000000)
  region size 1024K, 33 young (33792K), 6 survivors (6144K)
 Metaspace       used 54744K, capacity 56226K, committed 56396K, reserved 1097728K
  class space    used 6971K, capacity 7440K, committed 7500K, reserved 1048576K
}
Event: 31.603 GC heap after
{Heap after GC invocations=19 (full 0):
 garbage-first heap   total 96256K, used 52858K [0x0000000080000000, 0x0000000100000000)
  region size 1024K, 2 young (2048K), 2 survivors (2048K)
 Metaspace       used 54744K, capacity 56226K, committed 56396K, reserved 1097728K
  class space    used 6971K, capacity 7440K, committed 7500K, reserved 1048576K
}
Event: 33.398 GC heap before
{Heap before GC invocations=20 (full 0):
 garbage-first heap   total 96256K, used 79482K [0x0000000080000000, 0x0000000100000000)
  region size 1024K, 28 young (28672K), 2 survivors (2048K)
 Metaspace       used 58721K, capacity 60301K, committed 60620K, reserved 1101824K
  class space    used 7480K, capacity 8049K, committed 8140K, reserved 1048576K
}
Event: 33.405 GC heap after
{Heap after GC invocations=21 (full 0):
 garbage-first heap   total 115712K, used 53738K [0x0000000080000000, 0x0000000100000000)
  region size 1024K, 3 young (3072K), 3 survivors (3072K)
 Metaspace       used 58721K, capacity 60301K, committed 60620K, reserved 1101824K
  class space    used 7480K, capacity 8049K, committed 8140K, reserved 1048576K
}
Event: 34.591 GC heap before
{Heap before GC invocations=21 (full 0):
 garbage-first heap   total 115712K, used 86506K [0x0000000080000000, 0x0000000100000000)
  region size 1024K, 36 young (36864K), 3 survivors (3072K)
 Metaspace       used 62280K, capacity 63808K, committed 64076K, reserved 1105920K
  class space    used 7895K, capacity 8445K, committed 8524K, reserved 1048576K
}
Event: 34.600 GC heap after
{Heap after GC invocations=22 (full 0):
 garbage-first heap   total 115712K, used 56885K [0x0000000080000000, 0x0000000100000000)
  region size 1024K, 5 young (5120K), 5 survivors (5120K)
 Metaspace       used 62280K, capacity 63808K, committed 64076K, reserved 1105920K
  class space    used 7895K, capacity 8445K, committed 8524K, reserved 1048576K
}
Event: 35.142 GC heap before
{Heap before GC invocations=23 (full 0):
 garbage-first heap   total 115712K, used 75317K [0x0000000080000000, 0x0000000100000000)
  region size 1024K, 24 young (24576K), 5 survivors (5120K)
 Metaspace       used 63854K, capacity 65395K, committed 65612K, reserved 1105920K
  class space    used 8098K, capacity 8652K, committed 8780K, reserved 1048576K
}
Event: 35.153 GC heap after
{Heap after GC invocations=24 (full 0):
 garbage-first heap   total 115712K, used 58566K [0x0000000080000000, 0x0000000100000000)
  region size 1024K, 2 young (2048K), 2 survivors (2048K)
 Metaspace       used 63854K, capacity 65395K, committed 65612K, reserved 1105920K
  class space    used 8098K, capacity 8652K, committed 8780K, reserved 1048576K
}
Event: 36.383 GC heap before
{Heap before GC invocations=25 (full 0):
 garbage-first heap   total 115712K, used 87238K [0x0000000080000000, 0x0000000100000000)
  region size 1024K, 29 young (29696K), 2 survivors (2048K)
 Metaspace       used 66432K, capacity 68108K, committed 68172K, reserved 1107968K
  class space    used 8422K, capacity 8973K, committed 9036K, reserved 1048576K
}
Event: 36.389 GC heap after
{Heap after GC invocations=26 (full 0):
 garbage-first heap   total 115712K, used 59364K [0x0000000080000000, 0x0000000100000000)
  region size 1024K, 3 young (3072K), 3 survivors (3072K)
 Metaspace       used 66432K, capacity 68108K, committed 68172K, reserved 1107968K
  class space    used 8422K, capacity 8973K, committed 9036K, reserved 1048576K
}
Event: 37.005 GC heap before
{Heap before GC invocations=26 (full 0):
 garbage-first heap   total 115712K, used 88036K [0x0000000080000000, 0x0000000100000000)
  region size 1024K, 31 young (31744K), 3 survivors (3072K)
 Metaspace       used 67123K, capacity 68681K, committed 68812K, reserved 1110016K
  class space    used 8516K, capacity 9075K, committed 9164K, reserved 1048576K
}
Event: 37.014 GC heap after
{Heap after GC invocations=27 (full 0):
 garbage-first heap   total 115712K, used 61735K [0x0000000080000000, 0x0000000100000000)
  region size 1024K, 4 young (4096K), 4 survivors (4096K)
 Metaspace       used 67123K, capacity 68681K, committed 68812K, reserved 1110016K
  class space    used 8516K, capacity 9075K, committed 9164K, reserved 1048576K
}
Event: 37.573 GC heap before
{Heap before GC invocations=28 (full 0):
 garbage-first heap   total 115712K, used 90407K [0x0000000080000000, 0x0000000100000000)
  region size 1024K, 32 young (32768K), 4 survivors (4096K)
 Metaspace       used 68578K, capacity 70232K, committed 70476K, reserved 1110016K
  class space    used 8686K, capacity 9272K, committed 9292K, reserved 1048576K
}
Event: 37.584 GC heap after
{Heap after GC invocations=29 (full 0):
 garbage-first heap   total 115712K, used 64210K [0x0000000080000000, 0x0000000100000000)
  region size 1024K, 3 young (3072K), 3 survivors (3072K)
 Metaspace       used 68578K, capacity 70232K, committed 70476K, reserved 1110016K
  class space    used 8686K, capacity 9272K, committed 9292K, reserved 1048576K
}
Event: 38.749 GC heap before
{Heap before GC invocations=29 (full 0):
 garbage-first heap   total 115712K, used 91858K [0x0000000080000000, 0x0000000100000000)
  region size 1024K, 30 young (30720K), 3 survivors (3072K)
 Metaspace       used 71968K, capacity 73647K, committed 73932K, reserved 1114112K
  class space    used 9295K, capacity 9897K, committed 9932K, reserved 1048576K
}
Event: 38.757 GC heap after
{Heap after GC invocations=30 (full 0):
 garbage-first heap   total 115712K, used 66170K [0x0000000080000000, 0x0000000100000000)
  region size 1024K, 2 young (2048K), 2 survivors (2048K)
 Metaspace       used 71968K, capacity 73647K, committed 73932K, reserved 1114112K
  class space    used 9295K, capacity 9897K, committed 9932K, reserved 1048576K
}

