# JRE version: OpenJDK Runtime Environment (11.0.11+9) (build 11.0.11+9-b60-7590822)
# Java VM: OpenJDK 64-Bit Server VM (11.0.11+9-b60-7590822, mixed mode, tiered, compressed oops, g1 gc, windows-amd64)
Heap:
 garbage-first heap   total 199680K, used 110750K [0x0000000080000000, 0x0000000100000000)
  region size 1024K, 9 young (9216K), 5 survivors (5120K)
 Metaspace       used 91153K, capacity 93340K, committed 93440K, reserved 1130496K
  class space    used 11733K, capacity 12501K, committed 12544K, reserved 1048576K
GC Heap History (20 events):
Event: 23.248 GC heap before
{Heap before GC invocations=34 (full 0):
 garbage-first heap   total 138240K, used 104377K [0x0000000080000000, 0x0000000100000000)
  region size 1024K, 34 young (34816K), 4 survivors (4096K)
 Metaspace       used 82935K, capacity 84962K, committed 84992K, reserved 1122304K
  class space    used 10826K, capacity 11518K, committed 11520K, reserved 1048576K
}
Event: 23.260 GC heap after
{Heap after GC invocations=35 (full 0):
 garbage-first heap   total 138240K, used 73387K [0x0000000080000000, 0x0000000100000000)
  region size 1024K, 4 young (4096K), 4 survivors (4096K)
 Metaspace       used 82935K, capacity 84962K, committed 84992K, reserved 1122304K
  class space    used 10826K, capacity 11518K, committed 11520K, reserved 1048576K
}
Event: 26.130 GC heap before
{Heap before GC invocations=35 (full 0):
 garbage-first heap   total 138240K, used 103083K [0x0000000080000000, 0x0000000100000000)
  region size 1024K, 34 young (34816K), 4 survivors (4096K)
 Metaspace       used 84525K, capacity 86576K, committed 86912K, reserved 1124352K
  class space    used 11038K, capacity 11805K, committed 11904K, reserved 1048576K
}
Event: 26.143 GC heap after
{Heap after GC invocations=36 (full 0):
 garbage-first heap   total 165888K, used 75810K [0x0000000080000000, 0x0000000100000000)
  region size 1024K, 5 young (5120K), 5 survivors (5120K)
 Metaspace       used 84525K, capacity 86576K, committed 86912K, reserved 1124352K
  class space    used 11038K, capacity 11805K, committed 11904K, reserved 1048576K
}
Event: 28.477 GC heap before
{Heap before GC invocations=37 (full 0):
 garbage-first heap   total 165888K, used 119842K [0x0000000080000000, 0x0000000100000000)
  region size 1024K, 49 young (50176K), 5 survivors (5120K)
 Metaspace       used 84869K, capacity 86947K, committed 87168K, reserved 1124352K
  class space    used 11042K, capacity 11811K, committed 11904K, reserved 1048576K
}
Event: 28.492 GC heap after
{Heap after GC invocations=38 (full 0):
 garbage-first heap   total 165888K, used 78848K [0x0000000080000000, 0x0000000100000000)
  region size 1024K, 6 young (6144K), 6 survivors (6144K)
 Metaspace       used 84869K, capacity 86947K, committed 87168K, reserved 1124352K
  class space    used 11042K, capacity 11811K, committed 11904K, reserved 1048576K
}
Event: 30.422 GC heap before
{Heap before GC invocations=38 (full 0):
 garbage-first heap   total 165888K, used 122880K [0x0000000080000000, 0x0000000100000000)
  region size 1024K, 50 young (51200K), 6 survivors (6144K)
 Metaspace       used 85435K, capacity 87657K, committed 87936K, reserved 1126400K
  class space    used 11087K, capacity 11868K, committed 11904K, reserved 1048576K
}
Event: 30.438 GC heap after
{Heap after GC invocations=39 (full 0):
 garbage-first heap   total 165888K, used 82548K [0x0000000080000000, 0x0000000100000000)
  region size 1024K, 7 young (7168K), 7 survivors (7168K)
 Metaspace       used 85435K, capacity 87657K, committed 87936K, reserved 1126400K
  class space    used 11087K, capacity 11868K, committed 11904K, reserved 1048576K
}
Event: 31.639 GC heap before
{Heap before GC invocations=39 (full 0):
 garbage-first heap   total 165888K, used 126580K [0x0000000080000000, 0x0000000100000000)
  region size 1024K, 51 young (52224K), 7 survivors (7168K)
 Metaspace       used 87317K, capacity 89482K, committed 89600K, reserved 1126400K
  class space    used 11260K, capacity 12030K, committed 12032K, reserved 1048576K
}
Event: 31.655 GC heap after
{Heap after GC invocations=40 (full 0):
 garbage-first heap   total 165888K, used 86020K [0x0000000080000000, 0x0000000100000000)
  region size 1024K, 7 young (7168K), 7 survivors (7168K)
 Metaspace       used 87317K, capacity 89482K, committed 89600K, reserved 1126400K
  class space    used 11260K, capacity 12030K, committed 12032K, reserved 1048576K
}
Event: 32.833 GC heap before
{Heap before GC invocations=41 (full 0):
 garbage-first heap   total 165888K, used 129028K [0x0000000080000000, 0x0000000100000000)
  region size 1024K, 50 young (51200K), 7 survivors (7168K)
 Metaspace       used 88972K, capacity 91099K, committed 91392K, reserved 1128448K
  class space    used 11485K, capacity 12247K, committed 12288K, reserved 1048576K
}
Event: 32.849 GC heap after
{Heap after GC invocations=42 (full 0):
 garbage-first heap   total 199680K, used 87502K [0x0000000080000000, 0x0000000100000000)
  region size 1024K, 5 young (5120K), 5 survivors (5120K)
 Metaspace       used 88972K, capacity 91099K, committed 91392K, reserved 1128448K
  class space    used 11485K, capacity 12247K, committed 12288K, reserved 1048576K
}
Event: 36.412 GC heap before
{Heap before GC invocations=42 (full 0):
 garbage-first heap   total 199680K, used 148942K [0x0000000080000000, 0x0000000100000000)
  region size 1024K, 66 young (67584K), 5 survivors (5120K)
 Metaspace       used 90763K, capacity 92949K, committed 93184K, reserved 1130496K
  class space    used 11678K, capacity 12459K, committed 12544K, reserved 1048576K
}
Event: 36.434 GC heap after
{Heap after GC invocations=43 (full 0):
 garbage-first heap   total 199680K, used 91156K [0x0000000080000000, 0x0000000100000000)
  region size 1024K, 9 young (9216K), 9 survivors (9216K)
 Metaspace       used 90763K, capacity 92949K, committed 93184K, reserved 1130496K
  class space    used 11678K, capacity 12459K, committed 12544K, reserved 1048576K
}
Event: 37.364 GC heap before
{Heap before GC invocations=43 (full 0):
 garbage-first heap   total 199680K, used 100372K [0x0000000080000000, 0x0000000100000000)
  region size 1024K, 13 young (13312K), 9 survivors (9216K)
 Metaspace       used 90873K, capacity 93096K, committed 93184K, reserved 1130496K
  class space    used 11688K, capacity 12462K, committed 12544K, reserved 1048576K
}
Event: 37.380 GC heap after
{Heap after GC invocations=44 (full 0):
 garbage-first heap   total 199680K, used 100034K [0x0000000080000000, 0x0000000100000000)
  region size 1024K, 6 young (6144K), 6 survivors (6144K)
 Metaspace       used 90873K, capacity 93096K, committed 93184K, reserved 1130496K
  class space    used 11688K, capacity 12462K, committed 12544K, reserved 1048576K
}
Event: 38.367 GC heap before
{Heap before GC invocations=45 (full 0):
 garbage-first heap   total 199680K, used 109250K [0x0000000080000000, 0x0000000100000000)
  region size 1024K, 16 young (16384K), 6 survivors (6144K)
 Metaspace       used 90875K, capacity 93096K, committed 93184K, reserved 1130496K
  class space    used 11688K, capacity 12462K, committed 12544K, reserved 1048576K
}
Event: 38.380 GC heap after
{Heap after GC invocations=46 (full 0):
 garbage-first heap   total 199680K, used 104052K [0x0000000080000000, 0x0000000100000000)
  region size 1024K, 5 young (5120K), 5 survivors (5120K)
 Metaspace       used 90875K, capacity 93096K, committed 93184K, reserved 1130496K
  class space    used 11688K, capacity 12462K, committed 12544K, reserved 1048576K
}
Event: 38.779 GC heap before
{Heap before GC invocations=47 (full 0):
 garbage-first heap   total 199680K, used 109172K [0x0000000080000000, 0x0000000100000000)
  region size 1024K, 10 young (10240K), 5 survivors (5120K)
 Metaspace       used 90886K, capacity 93099K, committed 93184K, reserved 1130496K
  class space    used 11689K, capacity 12463K, committed 12544K, reserved 1048576K
}
Event: 38.787 GC heap after
{Heap after GC invocations=48 (full 0):
 garbage-first heap   total 199680K, used 105630K [0x0000000080000000, 0x0000000100000000)
  region size 1024K, 5 young (5120K), 5 survivors (5120K)
 Metaspace       used 90886K, capacity 93099K, committed 93184K, reserved 1130496K
  class space    used 11689K, capacity 12463K, committed 12544K, reserved 1048576K
}

