# JRE version: OpenJDK Runtime Environment (11.0.11+9) (build 11.0.11+9-b60-7590822)
# Java VM: OpenJDK 64-Bit Server VM (11.0.11+9-b60-7590822, mixed mode, tiered, compressed oops, g1 gc, windows-amd64)
Heap:
 garbage-first heap   total 274432K, used 222208K [0x0000000080000000, 0x0000000100000000)
  region size 1024K, 15 young (15360K), 4 survivors (4096K)
 Metaspace       used 107400K, capacity 109935K, committed 110284K, reserved 1144832K
  class space    used 13556K, capacity 14441K, committed 14540K, reserved 1048576K
GC Heap History (20 events):
Event: 73.720 GC heap before
{Heap before GC invocations=65 (full 0):
 garbage-first heap   total 202752K, used 155563K [0x0000000080000000, 0x0000000100000000)
  region size 1024K, 46 young (47104K), 3 survivors (3072K)
 Metaspace       used 94311K, capacity 96653K, committed 96972K, reserved 1134592K
  class space    used 11839K, capacity 12670K, committed 12748K, reserved 1048576K
}
Event: 73.735 GC heap after
{Heap after GC invocations=66 (full 0):
 garbage-first heap   total 202752K, used 117632K [0x0000000080000000, 0x0000000100000000)
  region size 1024K, 6 young (6144K), 6 survivors (6144K)
 Metaspace       used 94311K, capacity 96653K, committed 96972K, reserved 1134592K
  class space    used 11839K, capacity 12670K, committed 12748K, reserved 1048576K
}
Event: 74.318 GC heap before
{Heap before GC invocations=66 (full 0):
 garbage-first heap   total 202752K, used 160640K [0x0000000080000000, 0x0000000100000000)
  region size 1024K, 48 young (49152K), 6 survivors (6144K)
 Metaspace       used 94716K, capacity 97069K, committed 97228K, reserved 1134592K
  class space    used 11862K, capacity 12702K, committed 12748K, reserved 1048576K
}
Event: 74.328 GC heap after
{Heap after GC invocations=67 (full 0):
 garbage-first heap   total 202752K, used 116720K [0x0000000080000000, 0x0000000100000000)
  region size 1024K, 1 young (1024K), 1 survivors (1024K)
 Metaspace       used 94716K, capacity 97069K, committed 97228K, reserved 1134592K
  class space    used 11862K, capacity 12702K, committed 12748K, reserved 1048576K
}
Event: 75.619 GC heap before
{Heap before GC invocations=67 (full 0):
 garbage-first heap   total 202752K, used 137200K [0x0000000080000000, 0x0000000100000000)
  region size 1024K, 18 young (18432K), 1 survivors (1024K)
 Metaspace       used 95341K, capacity 97678K, committed 97740K, reserved 1134592K
  class space    used 11904K, capacity 12734K, committed 12748K, reserved 1048576K
}
Event: 75.623 GC heap after
{Heap after GC invocations=68 (full 0):
 garbage-first heap   total 202752K, used 120530K [0x0000000080000000, 0x0000000100000000)
  region size 1024K, 1 young (1024K), 1 survivors (1024K)
 Metaspace       used 95341K, capacity 97678K, committed 97740K, reserved 1134592K
  class space    used 11904K, capacity 12734K, committed 12748K, reserved 1048576K
}
Event: 78.295 GC heap before
{Heap before GC invocations=69 (full 0):
 garbage-first heap   total 202752K, used 158418K [0x0000000080000000, 0x0000000100000000)
  region size 1024K, 45 young (46080K), 1 survivors (1024K)
 Metaspace       used 96938K, capacity 99238K, committed 99532K, reserved 1136640K
  class space    used 12089K, capacity 12907K, committed 13004K, reserved 1048576K
}
Event: 78.305 GC heap after
{Heap after GC invocations=70 (full 0):
 garbage-first heap   total 202752K, used 107641K [0x0000000080000000, 0x0000000100000000)
  region size 1024K, 2 young (2048K), 2 survivors (2048K)
 Metaspace       used 96938K, capacity 99238K, committed 99532K, reserved 1136640K
  class space    used 12089K, capacity 12907K, committed 13004K, reserved 1048576K
}
Event: 79.425 GC heap before
{Heap before GC invocations=70 (full 0):
 garbage-first heap   total 202752K, used 114809K [0x0000000080000000, 0x0000000100000000)
  region size 1024K, 9 young (9216K), 2 survivors (2048K)
 Metaspace       used 97090K, capacity 99449K, committed 99788K, reserved 1136640K
  class space    used 12099K, capacity 12913K, committed 13004K, reserved 1048576K
}
Event: 79.432 GC heap after
{Heap after GC invocations=71 (full 0):
 garbage-first heap   total 202752K, used 93482K [0x0000000080000000, 0x0000000100000000)
  region size 1024K, 1 young (1024K), 1 survivors (1024K)
 Metaspace       used 97090K, capacity 99449K, committed 99788K, reserved 1136640K
  class space    used 12099K, capacity 12913K, committed 13004K, reserved 1048576K
}
Event: 82.454 GC heap before
{Heap before GC invocations=71 (full 0):
 garbage-first heap   total 202752K, used 157994K [0x0000000080000000, 0x0000000100000000)
  region size 1024K, 65 young (66560K), 1 survivors (1024K)
 Metaspace       used 100635K, capacity 102927K, committed 102988K, reserved 1138688K
  class space    used 12531K, capacity 13364K, committed 13388K, reserved 1048576K
}
Event: 82.463 GC heap after
{Heap after GC invocations=72 (full 0):
 garbage-first heap   total 202752K, used 96065K [0x0000000080000000, 0x0000000100000000)
  region size 1024K, 3 young (3072K), 3 survivors (3072K)
 Metaspace       used 100635K, capacity 102927K, committed 102988K, reserved 1138688K
  class space    used 12531K, capacity 13364K, committed 13388K, reserved 1048576K
}
Event: 86.702 GC heap before
{Heap before GC invocations=72 (full 0):
 garbage-first heap   total 202752K, used 165697K [0x0000000080000000, 0x0000000100000000)
  region size 1024K, 72 young (73728K), 3 survivors (3072K)
 Metaspace       used 101570K, capacity 103979K, committed 104140K, reserved 1140736K
  class space    used 12614K, capacity 13434K, committed 13516K, reserved 1048576K
}
Event: 86.731 GC heap after
{Heap after GC invocations=73 (full 0):
 garbage-first heap   total 202752K, used 100999K [0x0000000080000000, 0x0000000100000000)
  region size 1024K, 8 young (8192K), 8 survivors (8192K)
 Metaspace       used 101570K, capacity 103979K, committed 104140K, reserved 1140736K
  class space    used 12614K, capacity 13434K, committed 13516K, reserved 1048576K
}
Event: 91.718 GC heap before
{Heap before GC invocations=73 (full 0):
 garbage-first heap   total 202752K, used 160391K [0x0000000080000000, 0x0000000100000000)
  region size 1024K, 63 young (64512K), 8 survivors (8192K)
 Metaspace       used 102273K, capacity 104685K, committed 105036K, reserved 1140736K
  class space    used 12688K, capacity 13528K, committed 13644K, reserved 1048576K
}
Event: 91.756 GC heap after
{Heap after GC invocations=74 (full 0):
 garbage-first heap   total 202752K, used 110020K [0x0000000080000000, 0x0000000100000000)
  region size 1024K, 9 young (9216K), 9 survivors (9216K)
 Metaspace       used 102273K, capacity 104685K, committed 105036K, reserved 1140736K
  class space    used 12688K, capacity 13528K, committed 13644K, reserved 1048576K
}
Event: 98.109 GC heap before
{Heap before GC invocations=75 (full 0):
 garbage-first heap   total 202752K, used 196036K [0x0000000080000000, 0x0000000100000000)
  region size 1024K, 65 young (66560K), 9 survivors (9216K)
 Metaspace       used 105086K, capacity 107561K, committed 107724K, reserved 1142784K
  class space    used 13088K, capacity 13911K, committed 14028K, reserved 1048576K
}
Event: 98.171 GC heap after
{Heap after GC invocations=76 (full 0):
 garbage-first heap   total 274432K, used 150500K [0x0000000080000000, 0x0000000100000000)
  region size 1024K, 9 young (9216K), 9 survivors (9216K)
 Metaspace       used 105086K, capacity 107561K, committed 107724K, reserved 1142784K
  class space    used 13088K, capacity 13911K, committed 14028K, reserved 1048576K
}
Event: 98.202 GC heap before
{Heap before GC invocations=76 (full 0):
 garbage-first heap   total 274432K, used 154596K [0x0000000080000000, 0x0000000100000000)
  region size 1024K, 13 young (13312K), 9 survivors (9216K)
 Metaspace       used 105086K, capacity 107561K, committed 107724K, reserved 1142784K
  class space    used 13088K, capacity 13911K, committed 14028K, reserved 1048576K
}
Event: 98.238 GC heap after
{Heap after GC invocations=77 (full 0):
 garbage-first heap   total 274432K, used 153042K [0x0000000080000000, 0x0000000100000000)
  region size 1024K, 2 young (2048K), 2 survivors (2048K)
 Metaspace       used 105086K, capacity 107561K, committed 107724K, reserved 1142784K
  class space    used 13088K, capacity 13911K, committed 14028K, reserved 1048576K
}

