# JRE version: OpenJDK Runtime Environment (11.0.11+9) (build 11.0.11+9-b60-7590822)
# Java VM: OpenJDK 64-Bit Server VM (11.0.11+9-b60-7590822, mixed mode, tiered, compressed oops, g1 gc, windows-amd64)
Heap:
 garbage-first heap   total 199680K, used 131377K [0x0000000080000000, 0x0000000100000000)
  region size 1024K, 41 young (41984K), 2 survivors (2048K)
 Metaspace       used 100619K, capacity 102843K, committed 102988K, reserved 1138688K
  class space    used 12542K, capacity 13361K, committed 13440K, reserved 1048576K
GC Heap History (20 events):
Event: 68.616 GC heap before
{Heap before GC invocations=72 (full 0):
 garbage-first heap   total 165888K, used 130135K [0x0000000080000000, 0x0000000100000000)
  region size 1024K, 21 young (21504K), 2 survivors (2048K)
 Metaspace       used 90127K, capacity 92416K, committed 92492K, reserved 1130496K
  class space    used 11543K, capacity 12356K, committed 12416K, reserved 1048576K
}
Event: 68.620 GC heap after
{Heap after GC invocations=73 (full 0):
 garbage-first heap   total 165888K, used 110589K [0x0000000080000000, 0x0000000100000000)
  region size 1024K, 2 young (2048K), 2 survivors (2048K)
 Metaspace       used 90127K, capacity 92416K, committed 92492K, reserved 1130496K
  class space    used 11543K, capacity 12356K, committed 12416K, reserved 1048576K
}
Event: 68.722 GC heap before
{Heap before GC invocations=73 (full 0):
 garbage-first heap   total 165888K, used 131069K [0x0000000080000000, 0x0000000100000000)
  region size 1024K, 22 young (22528K), 2 survivors (2048K)
 Metaspace       used 90127K, capacity 92416K, committed 92492K, reserved 1130496K
  class space    used 11543K, capacity 12356K, committed 12416K, reserved 1048576K
}
Event: 68.726 GC heap after
{Heap after GC invocations=74 (full 0):
 garbage-first heap   total 165888K, used 110431K [0x0000000080000000, 0x0000000100000000)
  region size 1024K, 2 young (2048K), 2 survivors (2048K)
 Metaspace       used 90127K, capacity 92416K, committed 92492K, reserved 1130496K
  class space    used 11543K, capacity 12356K, committed 12416K, reserved 1048576K
}
Event: 69.155 GC heap before
{Heap before GC invocations=75 (full 0):
 garbage-first heap   total 165888K, used 141151K [0x0000000080000000, 0x0000000100000000)
  region size 1024K, 21 young (21504K), 2 survivors (2048K)
 Metaspace       used 90161K, capacity 92486K, committed 92748K, reserved 1130496K
  class space    used 11545K, capacity 12358K, committed 12416K, reserved 1048576K
}
Event: 69.168 GC heap after
{Heap after GC invocations=76 (full 0):
 garbage-first heap   total 165888K, used 117913K [0x0000000080000000, 0x0000000100000000)
  region size 1024K, 3 young (3072K), 3 survivors (3072K)
 Metaspace       used 90161K, capacity 92486K, committed 92748K, reserved 1130496K
  class space    used 11545K, capacity 12358K, committed 12416K, reserved 1048576K
}
Event: 69.620 GC heap before
{Heap before GC invocations=76 (full 0):
 garbage-first heap   total 165888K, used 137369K [0x0000000080000000, 0x0000000100000000)
  region size 1024K, 20 young (20480K), 3 survivors (3072K)
 Metaspace       used 90555K, capacity 92925K, committed 93004K, reserved 1130496K
  class space    used 11569K, capacity 12406K, committed 12416K, reserved 1048576K
}
Event: 69.634 GC heap after
{Heap after GC invocations=77 (full 0):
 garbage-first heap   total 199680K, used 117773K [0x0000000080000000, 0x0000000100000000)
  region size 1024K, 3 young (3072K), 3 survivors (3072K)
 Metaspace       used 90555K, capacity 92925K, committed 93004K, reserved 1130496K
  class space    used 11569K, capacity 12406K, committed 12416K, reserved 1048576K
}
Event: 70.457 GC heap before
{Heap before GC invocations=78 (full 0):
 garbage-first heap   total 199680K, used 149517K [0x0000000080000000, 0x0000000100000000)
  region size 1024K, 35 young (35840K), 3 survivors (3072K)
 Metaspace       used 93906K, capacity 96286K, committed 96332K, reserved 1132544K
  class space    used 11839K, capacity 12664K, committed 12672K, reserved 1048576K
}
Event: 70.473 GC heap after
{Heap after GC invocations=79 (full 0):
 garbage-first heap   total 199680K, used 122403K [0x0000000080000000, 0x0000000100000000)
  region size 1024K, 5 young (5120K), 5 survivors (5120K)
 Metaspace       used 93906K, capacity 96286K, committed 96332K, reserved 1132544K
  class space    used 11839K, capacity 12664K, committed 12672K, reserved 1048576K
}
Event: 70.750 GC heap before
{Heap before GC invocations=79 (full 0):
 garbage-first heap   total 199680K, used 154147K [0x0000000080000000, 0x0000000100000000)
  region size 1024K, 36 young (36864K), 5 survivors (5120K)
 Metaspace       used 94547K, capacity 96862K, committed 97100K, reserved 1134592K
  class space    used 11868K, capacity 12664K, committed 12672K, reserved 1048576K
}
Event: 70.767 GC heap after
{Heap after GC invocations=80 (full 0):
 garbage-first heap   total 199680K, used 129024K [0x0000000080000000, 0x0000000100000000)
  region size 1024K, 5 young (5120K), 5 survivors (5120K)
 Metaspace       used 94547K, capacity 96862K, committed 97100K, reserved 1134592K
  class space    used 11868K, capacity 12664K, committed 12672K, reserved 1048576K
}
Event: 71.611 GC heap before
{Heap before GC invocations=80 (full 0):
 garbage-first heap   total 199680K, used 157696K [0x0000000080000000, 0x0000000100000000)
  region size 1024K, 34 young (34816K), 5 survivors (5120K)
 Metaspace       used 95192K, capacity 97502K, committed 97740K, reserved 1134592K
  class space    used 11909K, capacity 12728K, committed 12800K, reserved 1048576K
}
Event: 71.615 GC heap after
{Heap after GC invocations=81 (full 0):
 garbage-first heap   total 199680K, used 126164K [0x0000000080000000, 0x0000000100000000)
  region size 1024K, 1 young (1024K), 1 survivors (1024K)
 Metaspace       used 95192K, capacity 97502K, committed 97740K, reserved 1134592K
  class space    used 11909K, capacity 12728K, committed 12800K, reserved 1048576K
}
Event: 74.325 GC heap before
{Heap before GC invocations=82 (full 0):
 garbage-first heap   total 199680K, used 149457K [0x0000000080000000, 0x0000000100000000)
  region size 1024K, 33 young (33792K), 1 survivors (1024K)
 Metaspace       used 96326K, capacity 98586K, committed 98892K, reserved 1134592K
  class space    used 12034K, capacity 12829K, committed 12928K, reserved 1048576K
}
Event: 74.332 GC heap after
{Heap after GC invocations=83 (full 0):
 garbage-first heap   total 199680K, used 109856K [0x0000000080000000, 0x0000000100000000)
  region size 1024K, 2 young (2048K), 2 survivors (2048K)
 Metaspace       used 96326K, capacity 98586K, committed 98892K, reserved 1134592K
  class space    used 12034K, capacity 12829K, committed 12928K, reserved 1048576K
}
Event: 74.776 GC heap before
{Heap before GC invocations=83 (full 0):
 garbage-first heap   total 199680K, used 116000K [0x0000000080000000, 0x0000000100000000)
  region size 1024K, 9 young (9216K), 2 survivors (2048K)
 Metaspace       used 96374K, capacity 98656K, committed 98892K, reserved 1134592K
  class space    used 12036K, capacity 12829K, committed 12928K, reserved 1048576K
}
Event: 74.781 GC heap after
{Heap after GC invocations=84 (full 0):
 garbage-first heap   total 199680K, used 92854K [0x0000000080000000, 0x0000000100000000)
  region size 1024K, 1 young (1024K), 1 survivors (1024K)
 Metaspace       used 96374K, capacity 98656K, committed 98892K, reserved 1134592K
  class space    used 12036K, capacity 12829K, committed 12928K, reserved 1048576K
}
Event: 79.195 GC heap before
{Heap before GC invocations=84 (full 0):
 garbage-first heap   total 199680K, used 143030K [0x0000000080000000, 0x0000000100000000)
  region size 1024K, 51 young (52224K), 1 survivors (1024K)
 Metaspace       used 99087K, capacity 101423K, committed 101580K, reserved 1138688K
  class space    used 12388K, capacity 13196K, committed 13312K, reserved 1048576K
}
Event: 79.207 GC heap after
{Heap after GC invocations=85 (full 0):
 garbage-first heap   total 199680K, used 93489K [0x0000000080000000, 0x0000000100000000)
  region size 1024K, 2 young (2048K), 2 survivors (2048K)
 Metaspace       used 99087K, capacity 101423K, committed 101580K, reserved 1138688K
  class space    used 12388K, capacity 13196K, committed 13312K, reserved 1048576K
}

