# JRE version: OpenJDK Runtime Environment (11.0.11+9) (build 11.0.11+9-b60-7590822)
# Java VM: OpenJDK 64-Bit Server VM (11.0.11+9-b60-7590822, mixed mode, tiered, compressed oops, g1 gc, windows-amd64)
Heap:
 garbage-first heap   total 116736K, used 83968K [0x0000000080000000, 0x0000000100000000)
  region size 1024K, 41 young (41984K), 8 survivors (8192K)
 Metaspace       used 57375K, capacity 58830K, committed 59084K, reserved 1099776K
  class space    used 7293K, capacity 7795K, committed 7884K, reserved 1048576K
GC Heap History (20 events):
Event: 3.122 GC heap before
{Heap before GC invocations=5 (full 0):
 garbage-first heap   total 78848K, used 39311K [0x0000000080000000, 0x0000000100000000)
  region size 1024K, 27 young (27648K), 3 survivors (3072K)
 Metaspace       used 20685K, capacity 21079K, committed 21248K, reserved 1067008K
  class space    used 2540K, capacity 2693K, committed 2816K, reserved 1048576K
}
Event: 3.129 GC heap after
{Heap after GC invocations=6 (full 0):
 garbage-first heap   total 78848K, used 17596K [0x0000000080000000, 0x0000000100000000)
  region size 1024K, 1 young (1024K), 1 survivors (1024K)
 Metaspace       used 20685K, capacity 21079K, committed 21248K, reserved 1067008K
  class space    used 2540K, capacity 2693K, committed 2816K, reserved 1048576K
}
Event: 3.683 GC heap before
{Heap before GC invocations=7 (full 0):
 garbage-first heap   total 78848K, used 47292K [0x0000000080000000, 0x0000000100000000)
  region size 1024K, 30 young (30720K), 1 survivors (1024K)
 Metaspace       used 23772K, capacity 24334K, committed 24576K, reserved 1071104K
  class space    used 3029K, capacity 3229K, committed 3328K, reserved 1048576K
}
Event: 3.688 GC heap after
{Heap after GC invocations=8 (full 0):
 garbage-first heap   total 78848K, used 18543K [0x0000000080000000, 0x0000000100000000)
  region size 1024K, 2 young (2048K), 2 survivors (2048K)
 Metaspace       used 23772K, capacity 24334K, committed 24576K, reserved 1071104K
  class space    used 3029K, capacity 3229K, committed 3328K, reserved 1048576K
}
Event: 4.147 GC heap before
{Heap before GC invocations=8 (full 0):
 garbage-first heap   total 78848K, used 49263K [0x0000000080000000, 0x0000000100000000)
  region size 1024K, 33 young (33792K), 2 survivors (2048K)
 Metaspace       used 26590K, capacity 27215K, committed 27392K, reserved 1073152K
  class space    used 3498K, capacity 3725K, committed 3840K, reserved 1048576K
}
Event: 4.154 GC heap after
{Heap after GC invocations=9 (full 0):
 garbage-first heap   total 78848K, used 19747K [0x0000000080000000, 0x0000000100000000)
  region size 1024K, 4 young (4096K), 4 survivors (4096K)
 Metaspace       used 26590K, capacity 27215K, committed 27392K, reserved 1073152K
  class space    used 3498K, capacity 3725K, committed 3840K, reserved 1048576K
}
Event: 4.700 GC heap before
{Heap before GC invocations=9 (full 0):
 garbage-first heap   total 78848K, used 52515K [0x0000000080000000, 0x0000000100000000)
  region size 1024K, 36 young (36864K), 4 survivors (4096K)
 Metaspace       used 29850K, capacity 30504K, committed 30720K, reserved 1075200K
  class space    used 4006K, capacity 4271K, committed 4352K, reserved 1048576K
}
Event: 4.707 GC heap after
{Heap after GC invocations=10 (full 0):
 garbage-first heap   total 95232K, used 20843K [0x0000000080000000, 0x0000000100000000)
  region size 1024K, 4 young (4096K), 4 survivors (4096K)
 Metaspace       used 29850K, capacity 30504K, committed 30720K, reserved 1075200K
  class space    used 4006K, capacity 4271K, committed 4352K, reserved 1048576K
}
Event: 5.254 GC heap before
{Heap before GC invocations=10 (full 0):
 garbage-first heap   total 95232K, used 38251K [0x0000000080000000, 0x0000000100000000)
  region size 1024K, 22 young (22528K), 4 survivors (4096K)
 Metaspace       used 35031K, capacity 35789K, committed 35840K, reserved 1081344K
  class space    used 4559K, capacity 4863K, committed 4864K, reserved 1048576K
}
Event: 5.272 GC heap after
{Heap after GC invocations=11 (full 0):
 garbage-first heap   total 95232K, used 23227K [0x0000000080000000, 0x0000000100000000)
  region size 1024K, 6 young (6144K), 6 survivors (6144K)
 Metaspace       used 35031K, capacity 35789K, committed 35840K, reserved 1081344K
  class space    used 4559K, capacity 4863K, committed 4864K, reserved 1048576K
}
Event: 6.078 GC heap before
{Heap before GC invocations=12 (full 0):
 garbage-first heap   total 95232K, used 72379K [0x0000000080000000, 0x0000000100000000)
  region size 1024K, 52 young (53248K), 6 survivors (6144K)
 Metaspace       used 38696K, capacity 39610K, committed 39884K, reserved 1083392K
  class space    used 4947K, capacity 5280K, committed 5324K, reserved 1048576K
}
Event: 6.097 GC heap after
{Heap after GC invocations=13 (full 0):
 garbage-first heap   total 95232K, used 27258K [0x0000000080000000, 0x0000000100000000)
  region size 1024K, 7 young (7168K), 7 survivors (7168K)
 Metaspace       used 38696K, capacity 39610K, committed 39884K, reserved 1083392K
  class space    used 4947K, capacity 5280K, committed 5324K, reserved 1048576K
}
Event: 6.998 GC heap before
{Heap before GC invocations=13 (full 0):
 garbage-first heap   total 95232K, used 69242K [0x0000000080000000, 0x0000000100000000)
  region size 1024K, 48 young (49152K), 7 survivors (7168K)
 Metaspace       used 41968K, capacity 43027K, committed 43212K, reserved 1087488K
  class space    used 5426K, capacity 5793K, committed 5836K, reserved 1048576K
}
Event: 7.013 GC heap after
{Heap after GC invocations=14 (full 0):
 garbage-first heap   total 95232K, used 29907K [0x0000000080000000, 0x0000000100000000)
  region size 1024K, 3 young (3072K), 3 survivors (3072K)
 Metaspace       used 41968K, capacity 43027K, committed 43212K, reserved 1087488K
  class space    used 5426K, capacity 5793K, committed 5836K, reserved 1048576K
}
Event: 7.703 GC heap before
{Heap before GC invocations=14 (full 0):
 garbage-first heap   total 95232K, used 71891K [0x0000000080000000, 0x0000000100000000)
  region size 1024K, 44 young (45056K), 3 survivors (3072K)
 Metaspace       used 45582K, capacity 46761K, committed 47052K, reserved 1089536K
  class space    used 5848K, capacity 6247K, committed 6348K, reserved 1048576K
}
Event: 7.711 GC heap after
{Heap after GC invocations=15 (full 0):
 garbage-first heap   total 116736K, used 30650K [0x0000000080000000, 0x0000000100000000)
  region size 1024K, 4 young (4096K), 4 survivors (4096K)
 Metaspace       used 45582K, capacity 46761K, committed 47052K, reserved 1089536K
  class space    used 5848K, capacity 6247K, committed 6348K, reserved 1048576K
}
Event: 9.370 GC heap before
{Heap before GC invocations=15 (full 0):
 garbage-first heap   total 116736K, used 80826K [0x0000000080000000, 0x0000000100000000)
  region size 1024K, 54 young (55296K), 4 survivors (4096K)
 Metaspace       used 47934K, capacity 49277K, committed 49356K, reserved 1091584K
  class space    used 6114K, capacity 6590K, committed 6604K, reserved 1048576K
}
Event: 9.381 GC heap after
{Heap after GC invocations=16 (full 0):
 garbage-first heap   total 116736K, used 33913K [0x0000000080000000, 0x0000000100000000)
  region size 1024K, 7 young (7168K), 7 survivors (7168K)
 Metaspace       used 47934K, capacity 49277K, committed 49356K, reserved 1091584K
  class space    used 6114K, capacity 6590K, committed 6604K, reserved 1048576K
}
Event: 10.704 GC heap before
{Heap before GC invocations=16 (full 0):
 garbage-first heap   total 116736K, used 94329K [0x0000000080000000, 0x0000000100000000)
  region size 1024K, 58 young (59392K), 7 survivors (7168K)
 Metaspace       used 52809K, capacity 54224K, committed 54348K, reserved 1095680K
  class space    used 6715K, capacity 7223K, committed 7244K, reserved 1048576K
}
Event: 10.721 GC heap after
{Heap after GC invocations=17 (full 0):
 garbage-first heap   total 116736K, used 51200K [0x0000000080000000, 0x0000000100000000)
  region size 1024K, 8 young (8192K), 8 survivors (8192K)
 Metaspace       used 52809K, capacity 54224K, committed 54348K, reserved 1095680K
  class space    used 6715K, capacity 7223K, committed 7244K, reserved 1048576K
}

