# JRE version: OpenJDK Runtime Environment (11.0.11+9) (build 11.0.11+9-b60-7590822)
# Java VM: OpenJDK 64-Bit Server VM (11.0.11+9-b60-7590822, mixed mode, tiered, compressed oops, g1 gc, windows-amd64)
Heap:
 garbage-first heap   total 138240K, used 113379K [0x0000000080000000, 0x0000000100000000)
  region size 1024K, 5 young (5120K), 2 survivors (2048K)
 Metaspace       used 90981K, capacity 93335K, committed 93440K, reserved 1130496K
  class space    used 11767K, capacity 12537K, committed 12544K, reserved 1048576K
GC Heap History (20 events):
Event: 30.982 GC heap before
{Heap before GC invocations=40 (full 0):
 garbage-first heap   total 138240K, used 116085K [0x0000000080000000, 0x0000000100000000)
  region size 1024K, 26 young (26624K), 2 survivors (2048K)
 Metaspace       used 80609K, capacity 82801K, committed 82944K, reserved 1120256K
  class space    used 10478K, capacity 11184K, committed 11264K, reserved 1048576K
}
Event: 30.990 GC heap after
{Heap after GC invocations=41 (full 0):
 garbage-first heap   total 138240K, used 92938K [0x0000000080000000, 0x0000000100000000)
  region size 1024K, 4 young (4096K), 4 survivors (4096K)
 Metaspace       used 80609K, capacity 82801K, committed 82944K, reserved 1120256K
  class space    used 10478K, capacity 11184K, committed 11264K, reserved 1048576K
}
Event: 32.486 GC heap before
{Heap before GC invocations=41 (full 0):
 garbage-first heap   total 138240K, used 107274K [0x0000000080000000, 0x0000000100000000)
  region size 1024K, 20 young (20480K), 4 survivors (4096K)
 Metaspace       used 82064K, capacity 84209K, committed 84480K, reserved 1122304K
  class space    used 10693K, capacity 11418K, committed 11520K, reserved 1048576K
}
Event: 32.501 GC heap after
{Heap after GC invocations=42 (full 0):
 garbage-first heap   total 138240K, used 94858K [0x0000000080000000, 0x0000000100000000)
  region size 1024K, 4 young (4096K), 4 survivors (4096K)
 Metaspace       used 82064K, capacity 84209K, committed 84480K, reserved 1122304K
  class space    used 10693K, capacity 11418K, committed 11520K, reserved 1048576K
}
Event: 34.751 GC heap before
{Heap before GC invocations=43 (full 0):
 garbage-first heap   total 138240K, used 124554K [0x0000000080000000, 0x0000000100000000)
  region size 1024K, 25 young (25600K), 4 survivors (4096K)
 Metaspace       used 83102K, capacity 85392K, committed 85632K, reserved 1124352K
  class space    used 10831K, capacity 11597K, committed 11648K, reserved 1048576K
}
Event: 34.769 GC heap after
{Heap after GC invocations=44 (full 0):
 garbage-first heap   total 138240K, used 108190K [0x0000000080000000, 0x0000000100000000)
  region size 1024K, 4 young (4096K), 4 survivors (4096K)
 Metaspace       used 83102K, capacity 85392K, committed 85632K, reserved 1124352K
  class space    used 10831K, capacity 11597K, committed 11648K, reserved 1048576K
}
Event: 40.275 GC heap before
{Heap before GC invocations=44 (full 0):
 garbage-first heap   total 138240K, used 119454K [0x0000000080000000, 0x0000000100000000)
  region size 1024K, 15 young (15360K), 4 survivors (4096K)
 Metaspace       used 83255K, capacity 85466K, committed 85632K, reserved 1124352K
  class space    used 10837K, capacity 11597K, committed 11648K, reserved 1048576K
}
Event: 40.284 GC heap after
{Heap after GC invocations=45 (full 0):
 garbage-first heap   total 138240K, used 108969K [0x0000000080000000, 0x0000000100000000)
  region size 1024K, 1 young (1024K), 1 survivors (1024K)
 Metaspace       used 83255K, capacity 85466K, committed 85632K, reserved 1124352K
  class space    used 10837K, capacity 11597K, committed 11648K, reserved 1048576K
}
Event: 40.759 GC heap before
{Heap before GC invocations=46 (full 0):
 garbage-first heap   total 138240K, used 118185K [0x0000000080000000, 0x0000000100000000)
  region size 1024K, 11 young (11264K), 1 survivors (1024K)
 Metaspace       used 83873K, capacity 86204K, committed 86272K, reserved 1124352K
  class space    used 10924K, capacity 11710K, committed 11776K, reserved 1048576K
}
Event: 40.762 GC heap after
{Heap after GC invocations=47 (full 0):
 garbage-first heap   total 138240K, used 109593K [0x0000000080000000, 0x0000000100000000)
  region size 1024K, 2 young (2048K), 2 survivors (2048K)
 Metaspace       used 83873K, capacity 86204K, committed 86272K, reserved 1124352K
  class space    used 10924K, capacity 11710K, committed 11776K, reserved 1048576K
}
Event: 41.281 GC heap before
{Heap before GC invocations=47 (full 0):
 garbage-first heap   total 138240K, used 117785K [0x0000000080000000, 0x0000000100000000)
  region size 1024K, 12 young (12288K), 2 survivors (2048K)
 Metaspace       used 85286K, capacity 87560K, committed 87680K, reserved 1124352K
  class space    used 11081K, capacity 11840K, committed 11904K, reserved 1048576K
}
Event: 41.289 GC heap after
{Heap after GC invocations=48 (full 0):
 garbage-first heap   total 138240K, used 110400K [0x0000000080000000, 0x0000000100000000)
  region size 1024K, 2 young (2048K), 2 survivors (2048K)
 Metaspace       used 85286K, capacity 87560K, committed 87680K, reserved 1124352K
  class space    used 11081K, capacity 11840K, committed 11904K, reserved 1048576K
}
Event: 41.643 GC heap before
{Heap before GC invocations=49 (full 0):
 garbage-first heap   total 138240K, used 120640K [0x0000000080000000, 0x0000000100000000)
  region size 1024K, 11 young (11264K), 2 survivors (2048K)
 Metaspace       used 86622K, capacity 88889K, committed 89088K, reserved 1126400K
  class space    used 11161K, capacity 11963K, committed 12032K, reserved 1048576K
}
Event: 41.647 GC heap after
{Heap after GC invocations=50 (full 0):
 garbage-first heap   total 138240K, used 110076K [0x0000000080000000, 0x0000000100000000)
  region size 1024K, 1 young (1024K), 1 survivors (1024K)
 Metaspace       used 86622K, capacity 88889K, committed 89088K, reserved 1126400K
  class space    used 11161K, capacity 11963K, committed 12032K, reserved 1048576K
}
Event: 42.513 GC heap before
{Heap before GC invocations=50 (full 0):
 garbage-first heap   total 138240K, used 119292K [0x0000000080000000, 0x0000000100000000)
  region size 1024K, 11 young (11264K), 1 survivors (1024K)
 Metaspace       used 87797K, capacity 90162K, committed 90240K, reserved 1128448K
  class space    used 11334K, capacity 12130K, committed 12160K, reserved 1048576K
}
Event: 42.517 GC heap after
{Heap after GC invocations=51 (full 0):
 garbage-first heap   total 138240K, used 110487K [0x0000000080000000, 0x0000000100000000)
  region size 1024K, 1 young (1024K), 1 survivors (1024K)
 Metaspace       used 87797K, capacity 90162K, committed 90240K, reserved 1128448K
  class space    used 11334K, capacity 12130K, committed 12160K, reserved 1048576K
}
Event: 42.972 GC heap before
{Heap before GC invocations=52 (full 0):
 garbage-first heap   total 138240K, used 120727K [0x0000000080000000, 0x0000000100000000)
  region size 1024K, 11 young (11264K), 1 survivors (1024K)
 Metaspace       used 88873K, capacity 91218K, committed 91520K, reserved 1128448K
  class space    used 11507K, capacity 12290K, committed 12416K, reserved 1048576K
}
Event: 42.976 GC heap after
{Heap after GC invocations=53 (full 0):
 garbage-first heap   total 138240K, used 110748K [0x0000000080000000, 0x0000000100000000)
  region size 1024K, 2 young (2048K), 2 survivors (2048K)
 Metaspace       used 88873K, capacity 91218K, committed 91520K, reserved 1128448K
  class space    used 11507K, capacity 12290K, committed 12416K, reserved 1048576K
}
Event: 43.274 GC heap before
{Heap before GC invocations=53 (full 0):
 garbage-first heap   total 138240K, used 119964K [0x0000000080000000, 0x0000000100000000)
  region size 1024K, 11 young (11264K), 2 survivors (2048K)
 Metaspace       used 89715K, capacity 92020K, committed 92288K, reserved 1128448K
  class space    used 11635K, capacity 12400K, committed 12416K, reserved 1048576K
}
Event: 43.281 GC heap after
{Heap after GC invocations=54 (full 0):
 garbage-first heap   total 138240K, used 111331K [0x0000000080000000, 0x0000000100000000)
  region size 1024K, 2 young (2048K), 2 survivors (2048K)
 Metaspace       used 89715K, capacity 92020K, committed 92288K, reserved 1128448K
  class space    used 11635K, capacity 12400K, committed 12416K, reserved 1048576K
}

