# JRE version: OpenJDK Runtime Environment (11.0.11+9) (build 11.0.11+9-b60-7590822)
# Java VM: OpenJDK 64-Bit Server VM (11.0.11+9-b60-7590822, mixed mode, tiered, compressed oops, g1 gc, windows-amd64)
Heap:
 garbage-first heap   total 364544K, used 157550K [0x0000000080000000, 0x0000000100000000)
  region size 1024K, 1 young (1024K), 1 survivors (1024K)
 Metaspace       used 99253K, capacity 101603K, committed 101708K, reserved 1136640K
  class space    used 12951K, capacity 13812K, committed 13900K, reserved 1048576K
GC Heap History (20 events):
Event: 91.330 GC heap after
{Heap after GC invocations=112 (full 0):
 garbage-first heap   total 142336K, used 125774K [0x0000000080000000, 0x0000000100000000)
  region size 1024K, 1 young (1024K), 1 survivors (1024K)
 Metaspace       used 97767K, capacity 100062K, committed 100300K, reserved 1136640K
  class space    used 12625K, capacity 13464K, committed 13516K, reserved 1048576K
}
Event: 91.544 GC heap before
{Heap before GC invocations=112 (full 0):
 garbage-first heap   total 145408K, used 136014K [0x0000000080000000, 0x0000000100000000)
  region size 1024K, 6 young (6144K), 1 survivors (1024K)
 Metaspace       used 97919K, capacity 100232K, committed 100300K, reserved 1136640K
  class space    used 12648K, capacity 13499K, committed 13516K, reserved 1048576K
}
Event: 91.548 GC heap after
{Heap after GC invocations=113 (full 0):
 garbage-first heap   total 145408K, used 130886K [0x0000000080000000, 0x0000000100000000)
  region size 1024K, 1 young (1024K), 1 survivors (1024K)
 Metaspace       used 97919K, capacity 100232K, committed 100300K, reserved 1136640K
  class space    used 12648K, capacity 13499K, committed 13516K, reserved 1048576K
}
Event: 91.610 GC heap before
{Heap before GC invocations=113 (full 0):
 garbage-first heap   total 145408K, used 137030K [0x0000000080000000, 0x0000000100000000)
  region size 1024K, 7 young (7168K), 1 survivors (1024K)
 Metaspace       used 97964K, capacity 100297K, committed 100556K, reserved 1136640K
  class space    used 12648K, capacity 13499K, committed 13516K, reserved 1048576K
}
Event: 91.616 GC heap after
{Heap after GC invocations=114 (full 0):
 garbage-first heap   total 145408K, used 133890K [0x0000000080000000, 0x0000000100000000)
  region size 1024K, 1 young (1024K), 1 survivors (1024K)
 Metaspace       used 97964K, capacity 100297K, committed 100556K, reserved 1136640K
  class space    used 12648K, capacity 13499K, committed 13516K, reserved 1048576K
}
Event: 91.666 GC heap before
{Heap before GC invocations=115 (full 0):
 garbage-first heap   total 145408K, used 140034K [0x0000000080000000, 0x0000000100000000)
  region size 1024K, 7 young (7168K), 1 survivors (1024K)
 Metaspace       used 97966K, capacity 100297K, committed 100556K, reserved 1136640K
  class space    used 12648K, capacity 13499K, committed 13516K, reserved 1048576K
}
Event: 91.674 GC heap after
{Heap after GC invocations=116 (full 0):
 garbage-first heap   total 145408K, used 136445K [0x0000000080000000, 0x0000000100000000)
  region size 1024K, 1 young (1024K), 1 survivors (1024K)
 Metaspace       used 97966K, capacity 100297K, committed 100556K, reserved 1136640K
  class space    used 12648K, capacity 13499K, committed 13516K, reserved 1048576K
}
Event: 91.715 GC heap before
{Heap before GC invocations=116 (full 0):
 garbage-first heap   total 145408K, used 142589K [0x0000000080000000, 0x0000000100000000)
  region size 1024K, 7 young (7168K), 1 survivors (1024K)
 Metaspace       used 97966K, capacity 100297K, committed 100556K, reserved 1136640K
  class space    used 12648K, capacity 13499K, committed 13516K, reserved 1048576K
}
Event: 91.727 GC heap after
{Heap after GC invocations=117 (full 0):
 garbage-first heap   total 147456K, used 139452K [0x0000000080000000, 0x0000000100000000)
  region size 1024K, 1 young (1024K), 1 survivors (1024K)
 Metaspace       used 97966K, capacity 100297K, committed 100556K, reserved 1136640K
  class space    used 12648K, capacity 13499K, committed 13516K, reserved 1048576K
}
Event: 91.760 GC heap before
{Heap before GC invocations=117 (full 0):
 garbage-first heap   total 147456K, used 144572K [0x0000000080000000, 0x0000000100000000)
  region size 1024K, 7 young (7168K), 1 survivors (1024K)
 Metaspace       used 97966K, capacity 100297K, committed 100556K, reserved 1136640K
  class space    used 12648K, capacity 13499K, committed 13516K, reserved 1048576K
}
Event: 91.772 GC heap after
{Heap after GC invocations=118 (full 0):
 garbage-first heap   total 150528K, used 142451K [0x0000000080000000, 0x0000000100000000)
  region size 1024K, 1 young (1024K), 1 survivors (1024K)
 Metaspace       used 97966K, capacity 100297K, committed 100556K, reserved 1136640K
  class space    used 12648K, capacity 13499K, committed 13516K, reserved 1048576K
}
Event: 91.808 GC heap before
{Heap before GC invocations=118 (full 0):
 garbage-first heap   total 150528K, used 148595K [0x0000000080000000, 0x0000000100000000)
  region size 1024K, 7 young (7168K), 1 survivors (1024K)
 Metaspace       used 97968K, capacity 100297K, committed 100556K, reserved 1136640K
  class space    used 12648K, capacity 13499K, committed 13516K, reserved 1048576K
}
Event: 91.819 GC heap after
{Heap after GC invocations=119 (full 0):
 garbage-first heap   total 183296K, used 144760K [0x0000000080000000, 0x0000000100000000)
  region size 1024K, 1 young (1024K), 1 survivors (1024K)
 Metaspace       used 97968K, capacity 100297K, committed 100556K, reserved 1136640K
  class space    used 12648K, capacity 13499K, committed 13516K, reserved 1048576K
}
Event: 91.885 GC heap before
{Heap before GC invocations=119 (full 0):
 garbage-first heap   total 183296K, used 153976K [0x0000000080000000, 0x0000000100000000)
  region size 1024K, 9 young (9216K), 1 survivors (1024K)
 Metaspace       used 97968K, capacity 100297K, committed 100556K, reserved 1136640K
  class space    used 12648K, capacity 13499K, committed 13516K, reserved 1048576K
}
Event: 91.898 GC heap after
{Heap after GC invocations=120 (full 0):
 garbage-first heap   total 183296K, used 149085K [0x0000000080000000, 0x0000000100000000)
  region size 1024K, 2 young (2048K), 2 survivors (2048K)
 Metaspace       used 97968K, capacity 100297K, committed 100556K, reserved 1136640K
  class space    used 12648K, capacity 13499K, committed 13516K, reserved 1048576K
}
Event: 91.953 GC heap before
{Heap before GC invocations=120 (full 0):
 garbage-first heap   total 183296K, used 156253K [0x0000000080000000, 0x0000000100000000)
  region size 1024K, 8 young (8192K), 2 survivors (2048K)
 Metaspace       used 97968K, capacity 100297K, committed 100556K, reserved 1136640K
  class space    used 12648K, capacity 13499K, committed 13516K, reserved 1048576K
}
Event: 91.969 GC heap after
{Heap after GC invocations=121 (full 0):
 garbage-first heap   total 183296K, used 152556K [0x0000000080000000, 0x0000000100000000)
  region size 1024K, 1 young (1024K), 1 survivors (1024K)
 Metaspace       used 97968K, capacity 100297K, committed 100556K, reserved 1136640K
  class space    used 12648K, capacity 13499K, committed 13516K, reserved 1048576K
}
Event: 92.004 GC heap before
{Heap before GC invocations=121 (full 0):
 garbage-first heap   total 183296K, used 158700K [0x0000000080000000, 0x0000000100000000)
  region size 1024K, 8 young (8192K), 1 survivors (1024K)
 Metaspace       used 97968K, capacity 100297K, committed 100556K, reserved 1136640K
  class space    used 12648K, capacity 13499K, committed 13516K, reserved 1048576K
}
Event: 92.018 GC heap after
{Heap after GC invocations=122 (full 0):
 garbage-first heap   total 183296K, used 155944K [0x0000000080000000, 0x0000000100000000)
  region size 1024K, 1 young (1024K), 1 survivors (1024K)
 Metaspace       used 97968K, capacity 100297K, committed 100556K, reserved 1136640K
  class space    used 12648K, capacity 13499K, committed 13516K, reserved 1048576K
}
Event: 92.581 GC heap before
{Heap before GC invocations=123 (full 0):
 garbage-first heap   total 183296K, used 163112K [0x0000000080000000, 0x0000000100000000)
  region size 1024K, 8 young (8192K), 1 survivors (1024K)
 Metaspace       used 99253K, capacity 101603K, committed 101708K, reserved 1136640K
  class space    used 12951K, capacity 13812K, committed 13900K, reserved 1048576K
}

