# JRE version: OpenJDK Runtime Environment (11.0.11+9) (build 11.0.11+9-b60-7590822)
# Java VM: OpenJDK 64-Bit Server VM (11.0.11+9-b60-7590822, mixed mode, tiered, compressed oops, g1 gc, windows-amd64)
Heap:
 garbage-first heap   total 361472K, used 214418K [0x0000000080000000, 0x0000000100000000)
  region size 1024K, 2 young (2048K), 2 survivors (2048K)
 Metaspace       used 110490K, capacity 113036K, committed 113280K, reserved 1146880K
  class space    used 14069K, capacity 14937K, committed 14976K, reserved 1048576K
GC Heap History (20 events):
Event: 95.001 GC heap after
{Heap after GC invocations=105 (full 0):
 garbage-first heap   total 220160K, used 162816K [0x0000000080000000, 0x0000000100000000)
  region size 1024K, 2 young (2048K), 2 survivors (2048K)
 Metaspace       used 110357K, capacity 112929K, committed 113024K, reserved 1146880K
  class space    used 14090K, capacity 14974K, committed 14976K, reserved 1048576K
}
Event: 95.107 GC heap before
{Heap before GC invocations=105 (full 0):
 garbage-first heap   total 220160K, used 182272K [0x0000000080000000, 0x0000000100000000)
  region size 1024K, 21 young (21504K), 2 survivors (2048K)
 Metaspace       used 110460K, capacity 113065K, committed 113280K, reserved 1146880K
  class space    used 14090K, capacity 14974K, committed 14976K, reserved 1048576K
}
Event: 95.127 GC heap after
{Heap after GC invocations=106 (full 0):
 garbage-first heap   total 220160K, used 172619K [0x0000000080000000, 0x0000000100000000)
  region size 1024K, 3 young (3072K), 3 survivors (3072K)
 Metaspace       used 110460K, capacity 113065K, committed 113280K, reserved 1146880K
  class space    used 14090K, capacity 14974K, committed 14976K, reserved 1048576K
}
Event: 95.214 GC heap before
{Heap before GC invocations=106 (full 0):
 garbage-first heap   total 220160K, used 184907K [0x0000000080000000, 0x0000000100000000)
  region size 1024K, 15 young (15360K), 3 survivors (3072K)
 Metaspace       used 110475K, capacity 113065K, committed 113280K, reserved 1146880K
  class space    used 14090K, capacity 14974K, committed 14976K, reserved 1048576K
}
Event: 95.231 GC heap after
{Heap after GC invocations=107 (full 0):
 garbage-first heap   total 220160K, used 179581K [0x0000000080000000, 0x0000000100000000)
  region size 1024K, 2 young (2048K), 2 survivors (2048K)
 Metaspace       used 110475K, capacity 113065K, committed 113280K, reserved 1146880K
  class space    used 14090K, capacity 14974K, committed 14976K, reserved 1048576K
}
Event: 95.337 GC heap before
{Heap before GC invocations=107 (full 0):
 garbage-first heap   total 220160K, used 186749K [0x0000000080000000, 0x0000000100000000)
  region size 1024K, 10 young (10240K), 2 survivors (2048K)
 Metaspace       used 110485K, capacity 113068K, committed 113280K, reserved 1146880K
  class space    used 14090K, capacity 14974K, committed 14976K, reserved 1048576K
}
Event: 95.349 GC heap after
{Heap after GC invocations=108 (full 0):
 garbage-first heap   total 220160K, used 184029K [0x0000000080000000, 0x0000000100000000)
  region size 1024K, 2 young (2048K), 2 survivors (2048K)
 Metaspace       used 110485K, capacity 113068K, committed 113280K, reserved 1146880K
  class space    used 14090K, capacity 14974K, committed 14976K, reserved 1048576K
}
Event: 95.409 GC heap before
{Heap before GC invocations=108 (full 0):
 garbage-first heap   total 220160K, used 192221K [0x0000000080000000, 0x0000000100000000)
  region size 1024K, 10 young (10240K), 2 survivors (2048K)
 Metaspace       used 110493K, capacity 113068K, committed 113280K, reserved 1146880K
  class space    used 14090K, capacity 14974K, committed 14976K, reserved 1048576K
}
Event: 95.420 GC heap after
{Heap after GC invocations=109 (full 0):
 garbage-first heap   total 220160K, used 188343K [0x0000000080000000, 0x0000000100000000)
  region size 1024K, 2 young (2048K), 2 survivors (2048K)
 Metaspace       used 110493K, capacity 113068K, committed 113280K, reserved 1146880K
  class space    used 14090K, capacity 14974K, committed 14976K, reserved 1048576K
}
Event: 95.521 GC heap before
{Heap before GC invocations=109 (full 0):
 garbage-first heap   total 220160K, used 196535K [0x0000000080000000, 0x0000000100000000)
  region size 1024K, 10 young (10240K), 2 survivors (2048K)
 Metaspace       used 110539K, capacity 113132K, committed 113280K, reserved 1146880K
  class space    used 14090K, capacity 14974K, committed 14976K, reserved 1048576K
}
Event: 95.532 GC heap after
{Heap after GC invocations=110 (full 0):
 garbage-first heap   total 220160K, used 192719K [0x0000000080000000, 0x0000000100000000)
  region size 1024K, 2 young (2048K), 2 survivors (2048K)
 Metaspace       used 110539K, capacity 113132K, committed 113280K, reserved 1146880K
  class space    used 14090K, capacity 14974K, committed 14976K, reserved 1048576K
}
Event: 95.577 GC heap before
{Heap before GC invocations=110 (full 0):
 garbage-first heap   total 220160K, used 200911K [0x0000000080000000, 0x0000000100000000)
  region size 1024K, 10 young (10240K), 2 survivors (2048K)
 Metaspace       used 110542K, capacity 113132K, committed 113280K, reserved 1146880K
  class space    used 14090K, capacity 14974K, committed 14976K, reserved 1048576K
}
Event: 95.588 GC heap after
{Heap after GC invocations=111 (full 0):
 garbage-first heap   total 220160K, used 197215K [0x0000000080000000, 0x0000000100000000)
  region size 1024K, 2 young (2048K), 2 survivors (2048K)
 Metaspace       used 110542K, capacity 113132K, committed 113280K, reserved 1146880K
  class space    used 14090K, capacity 14974K, committed 14976K, reserved 1048576K
}
Event: 95.633 GC heap before
{Heap before GC invocations=111 (full 0):
 garbage-first heap   total 220160K, used 205407K [0x0000000080000000, 0x0000000100000000)
  region size 1024K, 10 young (10240K), 2 survivors (2048K)
 Metaspace       used 110548K, capacity 113132K, committed 113280K, reserved 1146880K
  class space    used 14090K, capacity 14974K, committed 14976K, reserved 1048576K
}
Event: 95.643 GC heap after
{Heap after GC invocations=112 (full 0):
 garbage-first heap   total 220160K, used 201309K [0x0000000080000000, 0x0000000100000000)
  region size 1024K, 2 young (2048K), 2 survivors (2048K)
 Metaspace       used 110548K, capacity 113132K, committed 113280K, reserved 1146880K
  class space    used 14090K, capacity 14974K, committed 14976K, reserved 1048576K
}
Event: 95.724 GC heap before
{Heap before GC invocations=112 (full 0):
 garbage-first heap   total 220160K, used 208477K [0x0000000080000000, 0x0000000100000000)
  region size 1024K, 10 young (10240K), 2 survivors (2048K)
 Metaspace       used 110490K, capacity 113036K, committed 113280K, reserved 1146880K
  class space    used 14069K, capacity 14937K, committed 14976K, reserved 1048576K
}
Event: 95.737 GC heap after
{Heap after GC invocations=113 (full 0):
 garbage-first heap   total 220160K, used 206020K [0x0000000080000000, 0x0000000100000000)
  region size 1024K, 2 young (2048K), 2 survivors (2048K)
 Metaspace       used 110490K, capacity 113036K, committed 113280K, reserved 1146880K
  class space    used 14069K, capacity 14937K, committed 14976K, reserved 1048576K
}
Event: 95.800 GC heap before
{Heap before GC invocations=113 (full 0):
 garbage-first heap   total 220160K, used 213188K [0x0000000080000000, 0x0000000100000000)
  region size 1024K, 10 young (10240K), 2 survivors (2048K)
 Metaspace       used 110490K, capacity 113036K, committed 113280K, reserved 1146880K
  class space    used 14069K, capacity 14937K, committed 14976K, reserved 1048576K
}
Event: 95.814 GC heap after
{Heap after GC invocations=114 (full 0):
 garbage-first heap   total 221184K, used 210337K [0x0000000080000000, 0x0000000100000000)
  region size 1024K, 2 young (2048K), 2 survivors (2048K)
 Metaspace       used 110490K, capacity 113036K, committed 113280K, reserved 1146880K
  class space    used 14069K, capacity 14937K, committed 14976K, reserved 1048576K
}
Event: 95.875 GC heap before
{Heap before GC invocations=114 (full 0):
 garbage-first heap   total 221184K, used 218529K [0x0000000080000000, 0x0000000100000000)
  region size 1024K, 10 young (10240K), 2 survivors (2048K)
 Metaspace       used 110490K, capacity 113036K, committed 113280K, reserved 1146880K
  class space    used 14069K, capacity 14937K, committed 14976K, reserved 1048576K
}

