# JRE version: OpenJDK Runtime Environment (11.0.11+9) (build 11.0.11+9-b60-7590822)
# Java VM: OpenJDK 64-Bit Server VM (11.0.11+9-b60-7590822, mixed mode, tiered, compressed oops, g1 gc, windows-amd64)
Heap:
 garbage-first heap   total 114688K, used 68477K [0x0000000080000000, 0x0000000100000000)
  region size 1024K, 18 young (18432K), 3 survivors (3072K)
 Metaspace       used 55679K, capacity 57152K, committed 57420K, reserved 1099776K
  class space    used 7135K, capacity 7643K, committed 7756K, reserved 1048576K
GC Heap History (20 events):
Event: 7.891 GC heap before
{Heap before GC invocations=9 (full 0):
 garbage-first heap   total 78848K, used 52473K [0x0000000080000000, 0x0000000100000000)
  region size 1024K, 35 young (35840K), 3 survivors (3072K)
 Metaspace       used 29881K, capacity 30504K, committed 30720K, reserved 1075200K
  class space    used 4007K, capacity 4271K, committed 4352K, reserved 1048576K
}
Event: 7.897 GC heap after
{Heap after GC invocations=10 (full 0):
 garbage-first heap   total 78848K, used 20679K [0x0000000080000000, 0x0000000100000000)
  region size 1024K, 4 young (4096K), 4 survivors (4096K)
 Metaspace       used 29881K, capacity 30504K, committed 30720K, reserved 1075200K
  class space    used 4007K, capacity 4271K, committed 4352K, reserved 1048576K
}
Event: 8.619 GC heap before
{Heap before GC invocations=10 (full 0):
 garbage-first heap   total 78848K, used 38087K [0x0000000080000000, 0x0000000100000000)
  region size 1024K, 22 young (22528K), 4 survivors (4096K)
 Metaspace       used 34997K, capacity 35790K, committed 35840K, reserved 1081344K
  class space    used 4544K, capacity 4863K, committed 4864K, reserved 1048576K
}
Event: 8.632 GC heap after
{Heap after GC invocations=11 (full 0):
 garbage-first heap   total 78848K, used 23301K [0x0000000080000000, 0x0000000100000000)
  region size 1024K, 5 young (5120K), 5 survivors (5120K)
 Metaspace       used 34997K, capacity 35790K, committed 35840K, reserved 1081344K
  class space    used 4544K, capacity 4863K, committed 4864K, reserved 1048576K
}
Event: 9.429 GC heap before
{Heap before GC invocations=12 (full 0):
 garbage-first heap   total 78848K, used 56069K [0x0000000080000000, 0x0000000100000000)
  region size 1024K, 37 young (37888K), 5 survivors (5120K)
 Metaspace       used 37563K, capacity 38393K, committed 38604K, reserved 1083392K
  class space    used 4856K, capacity 5194K, committed 5324K, reserved 1048576K
}
Event: 9.441 GC heap after
{Heap after GC invocations=13 (full 0):
 garbage-first heap   total 78848K, used 26190K [0x0000000080000000, 0x0000000100000000)
  region size 1024K, 5 young (5120K), 5 survivors (5120K)
 Metaspace       used 37563K, capacity 38393K, committed 38604K, reserved 1083392K
  class space    used 4856K, capacity 5194K, committed 5324K, reserved 1048576K
}
Event: 10.135 GC heap before
{Heap before GC invocations=13 (full 0):
 garbage-first heap   total 78848K, used 61006K [0x0000000080000000, 0x0000000100000000)
  region size 1024K, 37 young (37888K), 5 survivors (5120K)
 Metaspace       used 39629K, capacity 40607K, committed 40780K, reserved 1085440K
  class space    used 5067K, capacity 5398K, committed 5452K, reserved 1048576K
}
Event: 10.150 GC heap after
{Heap after GC invocations=14 (full 0):
 garbage-first heap   total 78848K, used 28757K [0x0000000080000000, 0x0000000100000000)
  region size 1024K, 5 young (5120K), 5 survivors (5120K)
 Metaspace       used 39629K, capacity 40607K, committed 40780K, reserved 1085440K
  class space    used 5067K, capacity 5398K, committed 5452K, reserved 1048576K
}
Event: 10.827 GC heap before
{Heap before GC invocations=14 (full 0):
 garbage-first heap   total 78848K, used 61525K [0x0000000080000000, 0x0000000100000000)
  region size 1024K, 36 young (36864K), 5 survivors (5120K)
 Metaspace       used 43238K, capacity 44379K, committed 44620K, reserved 1087488K
  class space    used 5489K, capacity 5837K, committed 5964K, reserved 1048576K
}
Event: 10.838 GC heap after
{Heap after GC invocations=15 (full 0):
 garbage-first heap   total 78848K, used 30248K [0x0000000080000000, 0x0000000100000000)
  region size 1024K, 4 young (4096K), 4 survivors (4096K)
 Metaspace       used 43238K, capacity 44379K, committed 44620K, reserved 1087488K
  class space    used 5489K, capacity 5837K, committed 5964K, reserved 1048576K
}
Event: 11.501 GC heap before
{Heap before GC invocations=15 (full 0):
 garbage-first heap   total 78848K, used 61992K [0x0000000080000000, 0x0000000100000000)
  region size 1024K, 35 young (35840K), 4 survivors (4096K)
 Metaspace       used 45486K, capacity 46600K, committed 46668K, reserved 1089536K
  class space    used 5834K, capacity 6215K, committed 6220K, reserved 1048576K
}
Event: 11.512 GC heap after
{Heap after GC invocations=16 (full 0):
 garbage-first heap   total 95232K, used 31330K [0x0000000080000000, 0x0000000100000000)
  region size 1024K, 3 young (3072K), 3 survivors (3072K)
 Metaspace       used 45486K, capacity 46600K, committed 46668K, reserved 1089536K
  class space    used 5834K, capacity 6215K, committed 6220K, reserved 1048576K
}
Event: 12.468 GC heap before
{Heap before GC invocations=16 (full 0):
 garbage-first heap   total 95232K, used 68194K [0x0000000080000000, 0x0000000100000000)
  region size 1024K, 39 young (39936K), 3 survivors (3072K)
 Metaspace       used 47561K, capacity 48863K, committed 49100K, reserved 1091584K
  class space    used 6082K, capacity 6542K, committed 6604K, reserved 1048576K
}
Event: 12.477 GC heap after
{Heap after GC invocations=17 (full 0):
 garbage-first heap   total 95232K, used 33409K [0x0000000080000000, 0x0000000100000000)
  region size 1024K, 5 young (5120K), 5 survivors (5120K)
 Metaspace       used 47561K, capacity 48863K, committed 49100K, reserved 1091584K
  class space    used 6082K, capacity 6542K, committed 6604K, reserved 1048576K
}
Event: 16.392 GC heap before
{Heap before GC invocations=17 (full 0):
 garbage-first heap   total 95232K, used 80513K [0x0000000080000000, 0x0000000100000000)
  region size 1024K, 43 young (44032K), 5 survivors (5120K)
 Metaspace       used 49533K, capacity 50905K, committed 51148K, reserved 1093632K
  class space    used 6345K, capacity 6824K, committed 6860K, reserved 1048576K
}
Event: 16.405 GC heap after
{Heap after GC invocations=18 (full 0):
 garbage-first heap   total 95232K, used 50877K [0x0000000080000000, 0x0000000100000000)
  region size 1024K, 6 young (6144K), 6 survivors (6144K)
 Metaspace       used 49533K, capacity 50905K, committed 51148K, reserved 1093632K
  class space    used 6345K, capacity 6824K, committed 6860K, reserved 1048576K
}
Event: 16.854 GC heap before
{Heap before GC invocations=18 (full 0):
 garbage-first heap   total 95232K, used 73405K [0x0000000080000000, 0x0000000100000000)
  region size 1024K, 29 young (29696K), 6 survivors (6144K)
 Metaspace       used 51505K, capacity 52868K, committed 53068K, reserved 1095680K
  class space    used 6673K, capacity 7116K, committed 7244K, reserved 1048576K
}
Event: 16.869 GC heap after
{Heap after GC invocations=19 (full 0):
 garbage-first heap   total 95232K, used 52807K [0x0000000080000000, 0x0000000100000000)
  region size 1024K, 2 young (2048K), 2 survivors (2048K)
 Metaspace       used 51505K, capacity 52868K, committed 53068K, reserved 1095680K
  class space    used 6673K, capacity 7116K, committed 7244K, reserved 1048576K
}
Event: 17.630 GC heap before
{Heap before GC invocations=20 (full 0):
 garbage-first heap   total 95232K, used 75335K [0x0000000080000000, 0x0000000100000000)
  region size 1024K, 24 young (24576K), 2 survivors (2048K)
 Metaspace       used 53832K, capacity 55402K, committed 55628K, reserved 1097728K
  class space    used 6919K, capacity 7442K, committed 7500K, reserved 1048576K
}
Event: 17.637 GC heap after
{Heap after GC invocations=21 (full 0):
 garbage-first heap   total 114688K, used 54141K [0x0000000080000000, 0x0000000100000000)
  region size 1024K, 3 young (3072K), 3 survivors (3072K)
 Metaspace       used 53832K, capacity 55402K, committed 55628K, reserved 1097728K
  class space    used 6919K, capacity 7442K, committed 7500K, reserved 1048576K
}

