# JRE version: OpenJDK Runtime Environment (11.0.11+9) (build 11.0.11+9-b60-7590822)
# Java VM: OpenJDK 64-Bit Server VM (11.0.11+9-b60-7590822, mixed mode, tiered, compressed oops, g1 gc, windows-amd64)
Heap:
 garbage-first heap   total 239616K, used 178712K [0x0000000080000000, 0x0000000100000000)
  region size 1024K, 1 young (1024K), 1 survivors (1024K)
 Metaspace       used 116409K, capacity 119697K, committed 119752K, reserved 1153024K
  class space    used 14801K, capacity 15960K, committed 16000K, reserved 1048576K
GC Heap History (20 events):
Event: 286.934 GC heap after
{Heap after GC invocations=157 (full 0):
 garbage-first heap   total 199680K, used 155334K [0x0000000080000000, 0x0000000100000000)
  region size 1024K, 1 young (1024K), 1 survivors (1024K)
 Metaspace       used 115750K, capacity 118943K, committed 119240K, reserved 1153024K
  class space    used 14760K, capacity 15924K, committed 16000K, reserved 1048576K
}
Event: 287.866 GC heap before
{Heap before GC invocations=158 (full 0):
 garbage-first heap   total 199680K, used 164550K [0x0000000080000000, 0x0000000100000000)
  region size 1024K, 10 young (10240K), 1 survivors (1024K)
 Metaspace       used 116132K, capacity 119441K, committed 119496K, reserved 1153024K
  class space    used 14801K, capacity 15960K, committed 16000K, reserved 1048576K
}
Event: 287.874 GC heap after
{Heap after GC invocations=159 (full 0):
 garbage-first heap   total 199680K, used 156267K [0x0000000080000000, 0x0000000100000000)
  region size 1024K, 2 young (2048K), 2 survivors (2048K)
 Metaspace       used 116132K, capacity 119441K, committed 119496K, reserved 1153024K
  class space    used 14801K, capacity 15960K, committed 16000K, reserved 1048576K
}
Event: 288.838 GC heap before
{Heap before GC invocations=159 (full 0):
 garbage-first heap   total 199680K, used 165483K [0x0000000080000000, 0x0000000100000000)
  region size 1024K, 11 young (11264K), 2 survivors (2048K)
 Metaspace       used 116216K, capacity 119505K, committed 119752K, reserved 1153024K
  class space    used 14801K, capacity 15960K, committed 16000K, reserved 1048576K
}
Event: 288.843 GC heap after
{Heap after GC invocations=160 (full 0):
 garbage-first heap   total 199680K, used 156762K [0x0000000080000000, 0x0000000100000000)
  region size 1024K, 2 young (2048K), 2 survivors (2048K)
 Metaspace       used 116216K, capacity 119505K, committed 119752K, reserved 1153024K
  class space    used 14801K, capacity 15960K, committed 16000K, reserved 1048576K
}
Event: 289.444 GC heap before
{Heap before GC invocations=160 (full 0):
 garbage-first heap   total 199680K, used 164954K [0x0000000080000000, 0x0000000100000000)
  region size 1024K, 11 young (11264K), 2 survivors (2048K)
 Metaspace       used 116264K, capacity 119569K, committed 119752K, reserved 1153024K
  class space    used 14801K, capacity 15960K, committed 16000K, reserved 1048576K
}
Event: 289.451 GC heap after
{Heap after GC invocations=161 (full 0):
 garbage-first heap   total 199680K, used 160142K [0x0000000080000000, 0x0000000100000000)
  region size 1024K, 2 young (2048K), 2 survivors (2048K)
 Metaspace       used 116264K, capacity 119569K, committed 119752K, reserved 1153024K
  class space    used 14801K, capacity 15960K, committed 16000K, reserved 1048576K
}
Event: 290.080 GC heap before
{Heap before GC invocations=161 (full 0):
 garbage-first heap   total 199680K, used 168334K [0x0000000080000000, 0x0000000100000000)
  region size 1024K, 10 young (10240K), 2 survivors (2048K)
 Metaspace       used 116269K, capacity 119569K, committed 119752K, reserved 1153024K
  class space    used 14801K, capacity 15960K, committed 16000K, reserved 1048576K
}
Event: 290.086 GC heap after
{Heap after GC invocations=162 (full 0):
 garbage-first heap   total 199680K, used 162174K [0x0000000080000000, 0x0000000100000000)
  region size 1024K, 2 young (2048K), 2 survivors (2048K)
 Metaspace       used 116269K, capacity 119569K, committed 119752K, reserved 1153024K
  class space    used 14801K, capacity 15960K, committed 16000K, reserved 1048576K
}
Event: 290.620 GC heap before
{Heap before GC invocations=162 (full 0):
 garbage-first heap   total 199680K, used 169342K [0x0000000080000000, 0x0000000100000000)
  region size 1024K, 10 young (10240K), 2 survivors (2048K)
 Metaspace       used 116303K, capacity 119569K, committed 119752K, reserved 1153024K
  class space    used 14801K, capacity 15960K, committed 16000K, reserved 1048576K
}
Event: 290.627 GC heap after
{Heap after GC invocations=163 (full 0):
 garbage-first heap   total 199680K, used 164481K [0x0000000080000000, 0x0000000100000000)
  region size 1024K, 2 young (2048K), 2 survivors (2048K)
 Metaspace       used 116303K, capacity 119569K, committed 119752K, reserved 1153024K
  class space    used 14801K, capacity 15960K, committed 16000K, reserved 1048576K
}
Event: 290.759 GC heap before
{Heap before GC invocations=163 (full 0):
 garbage-first heap   total 199680K, used 173697K [0x0000000080000000, 0x0000000100000000)
  region size 1024K, 9 young (9216K), 2 survivors (2048K)
 Metaspace       used 116304K, capacity 119569K, committed 119752K, reserved 1153024K
  class space    used 14801K, capacity 15960K, committed 16000K, reserved 1048576K
}
Event: 290.770 GC heap after
{Heap after GC invocations=164 (full 0):
 garbage-first heap   total 199680K, used 170644K [0x0000000080000000, 0x0000000100000000)
  region size 1024K, 2 young (2048K), 2 survivors (2048K)
 Metaspace       used 116304K, capacity 119569K, committed 119752K, reserved 1153024K
  class space    used 14801K, capacity 15960K, committed 16000K, reserved 1048576K
}
Event: 291.337 GC heap before
{Heap before GC invocations=164 (full 0):
 garbage-first heap   total 199680K, used 177812K [0x0000000080000000, 0x0000000100000000)
  region size 1024K, 9 young (9216K), 2 survivors (2048K)
 Metaspace       used 116384K, capacity 119633K, committed 119752K, reserved 1153024K
  class space    used 14801K, capacity 15960K, committed 16000K, reserved 1048576K
}
Event: 291.346 GC heap after
{Heap after GC invocations=165 (full 0):
 garbage-first heap   total 199680K, used 173295K [0x0000000080000000, 0x0000000100000000)
  region size 1024K, 2 young (2048K), 2 survivors (2048K)
 Metaspace       used 116384K, capacity 119633K, committed 119752K, reserved 1153024K
  class space    used 14801K, capacity 15960K, committed 16000K, reserved 1048576K
}
Event: 291.718 GC heap before
{Heap before GC invocations=165 (full 0):
 garbage-first heap   total 199680K, used 180463K [0x0000000080000000, 0x0000000100000000)
  region size 1024K, 9 young (9216K), 2 survivors (2048K)
 Metaspace       used 116385K, capacity 119633K, committed 119752K, reserved 1153024K
  class space    used 14801K, capacity 15960K, committed 16000K, reserved 1048576K
}
Event: 291.728 GC heap after
{Heap after GC invocations=166 (full 0):
 garbage-first heap   total 199680K, used 175781K [0x0000000080000000, 0x0000000100000000)
  region size 1024K, 2 young (2048K), 2 survivors (2048K)
 Metaspace       used 116385K, capacity 119633K, committed 119752K, reserved 1153024K
  class space    used 14801K, capacity 15960K, committed 16000K, reserved 1048576K
}
Event: 292.137 GC heap before
{Heap before GC invocations=167 (full 0):
 garbage-first heap   total 199680K, used 182949K [0x0000000080000000, 0x0000000100000000)
  region size 1024K, 9 young (9216K), 2 survivors (2048K)
 Metaspace       used 116388K, capacity 119633K, committed 119752K, reserved 1153024K
  class space    used 14801K, capacity 15960K, committed 16000K, reserved 1048576K
}
Event: 292.145 GC heap after
{Heap after GC invocations=168 (full 0):
 garbage-first heap   total 199680K, used 178176K [0x0000000080000000, 0x0000000100000000)
  region size 1024K, 2 young (2048K), 2 survivors (2048K)
 Metaspace       used 116388K, capacity 119633K, committed 119752K, reserved 1153024K
  class space    used 14801K, capacity 15960K, committed 16000K, reserved 1048576K
}
Event: 292.490 GC heap before
{Heap before GC invocations=168 (full 0):
 garbage-first heap   total 199680K, used 185344K [0x0000000080000000, 0x0000000100000000)
  region size 1024K, 9 young (9216K), 2 survivors (2048K)
 Metaspace       used 116409K, capacity 119697K, committed 119752K, reserved 1153024K
  class space    used 14801K, capacity 15960K, committed 16000K, reserved 1048576K
}

