# JRE version: OpenJDK Runtime Environment (11.0.11+9) (build 11.0.11+9-b60-7590822)
# Java VM: OpenJDK 64-Bit Server VM (11.0.11+9-b60-7590822, mixed mode, tiered, compressed oops, g1 gc, windows-amd64)
Heap:
 garbage-first heap   total 114688K, used 87956K [0x0000000080000000, 0x0000000100000000)
  region size 1024K, 39 young (39936K), 3 survivors (3072K)
 Metaspace       used 57547K, capacity 59041K, committed 59392K, reserved 1101824K
  class space    used 7313K, capacity 7825K, committed 7936K, reserved 1048576K
GC Heap History (20 events):
Event: 4.407 GC heap before
{Heap before GC invocations=7 (full 0):
 garbage-first heap   total 78848K, used 49041K [0x0000000080000000, 0x0000000100000000)
  region size 1024K, 33 young (33792K), 2 survivors (2048K)
 Metaspace       used 23837K, capacity 24426K, committed 24576K, reserved 1071104K
  class space    used 3041K, capacity 3261K, committed 3328K, reserved 1048576K
}
Event: 4.417 GC heap after
{Heap after GC invocations=8 (full 0):
 garbage-first heap   total 78848K, used 18502K [0x0000000080000000, 0x0000000100000000)
  region size 1024K, 4 young (4096K), 4 survivors (4096K)
 Metaspace       used 23837K, capacity 24426K, committed 24576K, reserved 1071104K
  class space    used 3041K, capacity 3261K, committed 3328K, reserved 1048576K
}
Event: 5.059 GC heap before
{Heap before GC invocations=9 (full 0):
 garbage-first heap   total 78848K, used 51270K [0x0000000080000000, 0x0000000100000000)
  region size 1024K, 36 young (36864K), 4 survivors (4096K)
 Metaspace       used 26762K, capacity 27366K, committed 27648K, reserved 1073152K
  class space    used 3527K, capacity 3735K, committed 3840K, reserved 1048576K
}
Event: 5.072 GC heap after
{Heap after GC invocations=10 (full 0):
 garbage-first heap   total 78848K, used 19747K [0x0000000080000000, 0x0000000100000000)
  region size 1024K, 4 young (4096K), 4 survivors (4096K)
 Metaspace       used 26762K, capacity 27366K, committed 27648K, reserved 1073152K
  class space    used 3527K, capacity 3735K, committed 3840K, reserved 1048576K
}
Event: 5.733 GC heap before
{Heap before GC invocations=10 (full 0):
 garbage-first heap   total 78848K, used 55587K [0x0000000080000000, 0x0000000100000000)
  region size 1024K, 39 young (39936K), 4 survivors (4096K)
 Metaspace       used 30921K, capacity 31591K, committed 31872K, reserved 1077248K
  class space    used 4159K, capacity 4400K, committed 4480K, reserved 1048576K
}
Event: 5.742 GC heap after
{Heap after GC invocations=11 (full 0):
 garbage-first heap   total 78848K, used 20967K [0x0000000080000000, 0x0000000100000000)
  region size 1024K, 4 young (4096K), 4 survivors (4096K)
 Metaspace       used 30921K, capacity 31591K, committed 31872K, reserved 1077248K
  class space    used 4159K, capacity 4400K, committed 4480K, reserved 1048576K
}
Event: 6.607 GC heap before
{Heap before GC invocations=11 (full 0):
 garbage-first heap   total 78848K, used 57831K [0x0000000080000000, 0x0000000100000000)
  region size 1024K, 41 young (41984K), 4 survivors (4096K)
 Metaspace       used 36675K, capacity 37507K, committed 37632K, reserved 1081344K
  class space    used 4728K, capacity 5049K, committed 5120K, reserved 1048576K
}
Event: 6.621 GC heap after
{Heap after GC invocations=12 (full 0):
 garbage-first heap   total 95232K, used 25047K [0x0000000080000000, 0x0000000100000000)
  region size 1024K, 6 young (6144K), 6 survivors (6144K)
 Metaspace       used 36675K, capacity 37507K, committed 37632K, reserved 1081344K
  class space    used 4728K, capacity 5049K, committed 5120K, reserved 1048576K
}
Event: 7.593 GC heap before
{Heap before GC invocations=12 (full 0):
 garbage-first heap   total 95232K, used 67031K [0x0000000080000000, 0x0000000100000000)
  region size 1024K, 45 young (46080K), 6 survivors (6144K)
 Metaspace       used 39548K, capacity 40569K, committed 40832K, reserved 1085440K
  class space    used 5061K, capacity 5429K, committed 5504K, reserved 1048576K
}
Event: 7.612 GC heap after
{Heap after GC invocations=13 (full 0):
 garbage-first heap   total 95232K, used 28293K [0x0000000080000000, 0x0000000100000000)
  region size 1024K, 4 young (4096K), 4 survivors (4096K)
 Metaspace       used 39548K, capacity 40569K, committed 40832K, reserved 1085440K
  class space    used 5061K, capacity 5429K, committed 5504K, reserved 1048576K
}
Event: 7.653 GC heap before
{Heap before GC invocations=13 (full 0):
 garbage-first heap   total 95232K, used 29317K [0x0000000080000000, 0x0000000100000000)
  region size 1024K, 6 young (6144K), 4 survivors (4096K)
 Metaspace       used 39826K, capacity 40877K, committed 40960K, reserved 1085440K
  class space    used 5081K, capacity 5469K, committed 5504K, reserved 1048576K
}
Event: 7.660 GC heap after
{Heap after GC invocations=14 (full 0):
 garbage-first heap   total 95232K, used 28563K [0x0000000080000000, 0x0000000100000000)
  region size 1024K, 4 young (4096K), 4 survivors (4096K)
 Metaspace       used 39826K, capacity 40877K, committed 40960K, reserved 1085440K
  class space    used 5081K, capacity 5469K, committed 5504K, reserved 1048576K
}
Event: 8.426 GC heap before
{Heap before GC invocations=15 (full 0):
 garbage-first heap   total 95232K, used 68499K [0x0000000080000000, 0x0000000100000000)
  region size 1024K, 43 young (44032K), 4 survivors (4096K)
 Metaspace       used 43895K, capacity 45020K, committed 45184K, reserved 1089536K
  class space    used 5612K, capacity 5987K, committed 6016K, reserved 1048576K
}
Event: 8.438 GC heap after
{Heap after GC invocations=16 (full 0):
 garbage-first heap   total 95232K, used 29688K [0x0000000080000000, 0x0000000100000000)
  region size 1024K, 5 young (5120K), 5 survivors (5120K)
 Metaspace       used 43895K, capacity 45020K, committed 45184K, reserved 1089536K
  class space    used 5612K, capacity 5987K, committed 6016K, reserved 1048576K
}
Event: 9.110 GC heap before
{Heap before GC invocations=16 (full 0):
 garbage-first heap   total 95232K, used 70648K [0x0000000080000000, 0x0000000100000000)
  region size 1024K, 45 young (46080K), 5 survivors (5120K)
 Metaspace       used 46767K, capacity 48062K, committed 48256K, reserved 1091584K
  class space    used 6024K, capacity 6471K, committed 6528K, reserved 1048576K
}
Event: 9.121 GC heap after
{Heap after GC invocations=17 (full 0):
 garbage-first heap   total 114688K, used 31428K [0x0000000080000000, 0x0000000100000000)
  region size 1024K, 4 young (4096K), 4 survivors (4096K)
 Metaspace       used 46767K, capacity 48062K, committed 48256K, reserved 1091584K
  class space    used 6024K, capacity 6471K, committed 6528K, reserved 1048576K
}
Event: 10.400 GC heap before
{Heap before GC invocations=17 (full 0):
 garbage-first heap   total 114688K, used 86724K [0x0000000080000000, 0x0000000100000000)
  region size 1024K, 49 young (50176K), 4 survivors (4096K)
 Metaspace       used 48108K, capacity 49394K, committed 49664K, reserved 1091584K
  class space    used 6136K, capacity 6589K, committed 6656K, reserved 1048576K
}
Event: 10.416 GC heap after
{Heap after GC invocations=18 (full 0):
 garbage-first heap   total 114688K, used 49598K [0x0000000080000000, 0x0000000100000000)
  region size 1024K, 7 young (7168K), 7 survivors (7168K)
 Metaspace       used 48108K, capacity 49394K, committed 49664K, reserved 1091584K
  class space    used 6136K, capacity 6589K, committed 6656K, reserved 1048576K
}
Event: 11.126 GC heap before
{Heap before GC invocations=18 (full 0):
 garbage-first heap   total 114688K, used 87486K [0x0000000080000000, 0x0000000100000000)
  region size 1024K, 44 young (45056K), 7 survivors (7168K)
 Metaspace       used 52533K, capacity 54015K, committed 54144K, reserved 1095680K
  class space    used 6683K, capacity 7220K, committed 7296K, reserved 1048576K
}
Event: 11.137 GC heap after
{Heap after GC invocations=19 (full 0):
 garbage-first heap   total 114688K, used 52116K [0x0000000080000000, 0x0000000100000000)
  region size 1024K, 3 young (3072K), 3 survivors (3072K)
 Metaspace       used 52533K, capacity 54015K, committed 54144K, reserved 1095680K
  class space    used 6683K, capacity 7220K, committed 7296K, reserved 1048576K
}

